{"/home/travis/build/npmtest/node-npmtest-common-errors/test.js":{"path":"/home/travis/build/npmtest/node-npmtest-common-errors/test.js","s":{"1":2,"2":2,"3":2,"4":2,"5":2,"6":2,"7":2,"8":1,"9":2,"10":2,"11":1,"12":1,"13":1,"14":1,"15":2,"16":2,"17":2,"18":2,"19":1,"20":1,"21":2,"22":2,"23":2,"24":1,"25":1,"26":1,"27":1,"28":1,"29":1,"30":1,"31":1,"32":1,"33":1,"34":1,"35":1,"36":1,"37":1,"38":1,"39":2,"40":2,"41":1,"42":2,"43":2,"44":1,"45":2,"46":2,"47":1,"48":2,"49":2,"50":1,"51":1,"52":1,"53":1,"54":1},"b":{"1":[2,1,1,1],"2":[1,1,1,1],"3":[1,1],"4":[1,1],"5":[1,1],"6":[1,1],"7":[1,1],"8":[1,1],"9":[1,1],"10":[1,1,1],"11":[1,1],"12":[1,1],"13":[1,1],"14":[1,1],"15":[1,1],"16":[1,1],"17":[1,1]},"f":{"1":2,"2":2,"3":2,"4":2,"5":2,"6":1,"7":1,"8":1,"9":2,"10":2,"11":2,"12":2,"13":1},"fnMap":{"1":{"name":"(anonymous_1)","line":12,"loc":{"start":{"line":12,"column":1},"end":{"line":12,"column":13}}},"2":{"name":"(anonymous_2)","line":19,"loc":{"start":{"line":19,"column":5},"end":{"line":19,"column":17}}},"3":{"name":"(anonymous_3)","line":23,"loc":{"start":{"line":23,"column":24},"end":{"line":23,"column":36}}},"4":{"name":"(anonymous_4)","line":61,"loc":{"start":{"line":61,"column":5},"end":{"line":61,"column":17}}},"5":{"name":"(anonymous_5)","line":82,"loc":{"start":{"line":82,"column":5},"end":{"line":82,"column":17}}},"6":{"name":"(anonymous_6)","line":91,"loc":{"start":{"line":91,"column":77},"end":{"line":94,"column":10}}},"7":{"name":"(anonymous_7)","line":112,"loc":{"start":{"line":112,"column":83},"end":{"line":115,"column":10}},"skip":true},"8":{"name":"(anonymous_8)","line":123,"loc":{"start":{"line":123,"column":77},"end":{"line":126,"column":10}},"skip":true},"9":{"name":"(anonymous_9)","line":139,"loc":{"start":{"line":139,"column":12},"end":{"line":139,"column":40}},"skip":true},"10":{"name":"(anonymous_10)","line":147,"loc":{"start":{"line":147,"column":77},"end":{"line":150,"column":10}},"skip":true},"11":{"name":"(anonymous_11)","line":158,"loc":{"start":{"line":158,"column":83},"end":{"line":161,"column":10}},"skip":true},"12":{"name":"(anonymous_12)","line":169,"loc":{"start":{"line":169,"column":79},"end":{"line":172,"column":10}},"skip":true},"13":{"name":"(anonymous_13)","line":180,"loc":{"start":{"line":180,"column":75},"end":{"line":183,"column":10}},"skip":true}},"statementMap":{"1":{"start":{"line":12,"column":0},"end":{"line":195,"column":5}},"2":{"start":{"line":14,"column":4},"end":{"line":14,"column":14}},"3":{"start":{"line":19,"column":4},"end":{"line":56,"column":9}},"4":{"start":{"line":21,"column":8},"end":{"line":21,"column":19}},"5":{"start":{"line":23,"column":8},"end":{"line":35,"column":13}},"6":{"start":{"line":24,"column":12},"end":{"line":34,"column":13}},"7":{"start":{"line":25,"column":16},"end":{"line":28,"column":30}},"8":{"start":{"line":30,"column":16},"end":{"line":33,"column":27}},"9":{"start":{"line":37,"column":8},"end":{"line":39,"column":21}},"10":{"start":{"line":40,"column":8},"end":{"line":53,"column":9}},"11":{"start":{"line":43,"column":12},"end":{"line":46,"column":14}},"12":{"start":{"line":47,"column":12},"end":{"line":47,"column":18}},"13":{"start":{"line":50,"column":12},"end":{"line":51,"column":33}},"14":{"start":{"line":52,"column":12},"end":{"line":52,"column":18}},"15":{"start":{"line":55,"column":8},"end":{"line":55,"column":35}},"16":{"start":{"line":61,"column":4},"end":{"line":63,"column":9}},"17":{"start":{"line":62,"column":8},"end":{"line":62,"column":15}},"18":{"start":{"line":64,"column":4},"end":{"line":77,"column":5}},"19":{"start":{"line":70,"column":8},"end":{"line":70,"column":14}},"20":{"start":{"line":76,"column":8},"end":{"line":76,"column":14}},"21":{"start":{"line":82,"column":4},"end":{"line":84,"column":9}},"22":{"start":{"line":83,"column":8},"end":{"line":83,"column":15}},"23":{"start":{"line":85,"column":4},"end":{"line":194,"column":5}},"24":{"start":{"line":91,"column":8},"end":{"line":99,"column":10}},"25":{"start":{"line":98,"column":12},"end":{"line":98,"column":35}},"26":{"start":{"line":102,"column":8},"end":{"line":104,"column":63}},"27":{"start":{"line":105,"column":8},"end":{"line":105,"column":14}},"28":{"start":{"line":112,"column":8},"end":{"line":121,"column":10},"skip":true},"29":{"start":{"line":119,"column":12},"end":{"line":119,"column":55},"skip":true},"30":{"start":{"line":120,"column":12},"end":{"line":120,"column":48},"skip":true},"31":{"start":{"line":123,"column":8},"end":{"line":136,"column":10},"skip":true},"32":{"start":{"line":130,"column":12},"end":{"line":130,"column":76},"skip":true},"33":{"start":{"line":131,"column":12},"end":{"line":131,"column":73},"skip":true},"34":{"start":{"line":132,"column":12},"end":{"line":132,"column":74},"skip":true},"35":{"start":{"line":133,"column":12},"end":{"line":133,"column":79},"skip":true},"36":{"start":{"line":134,"column":12},"end":{"line":134,"column":25},"skip":true},"37":{"start":{"line":135,"column":12},"end":{"line":135,"column":45},"skip":true},"38":{"start":{"line":138,"column":8},"end":{"line":145,"column":14},"skip":true},"39":{"start":{"line":143,"column":16},"end":{"line":143,"column":29},"skip":true},"40":{"start":{"line":144,"column":16},"end":{"line":144,"column":55},"skip":true},"41":{"start":{"line":147,"column":8},"end":{"line":156,"column":10},"skip":true},"42":{"start":{"line":154,"column":12},"end":{"line":154,"column":25},"skip":true},"43":{"start":{"line":155,"column":12},"end":{"line":155,"column":45},"skip":true},"44":{"start":{"line":158,"column":8},"end":{"line":167,"column":10},"skip":true},"45":{"start":{"line":165,"column":12},"end":{"line":165,"column":25},"skip":true},"46":{"start":{"line":166,"column":12},"end":{"line":166,"column":48},"skip":true},"47":{"start":{"line":169,"column":8},"end":{"line":178,"column":10},"skip":true},"48":{"start":{"line":176,"column":12},"end":{"line":176,"column":25},"skip":true},"49":{"start":{"line":177,"column":12},"end":{"line":177,"column":46},"skip":true},"50":{"start":{"line":180,"column":8},"end":{"line":189,"column":10},"skip":true},"51":{"start":{"line":187,"column":12},"end":{"line":187,"column":94},"skip":true},"52":{"start":{"line":188,"column":12},"end":{"line":188,"column":48},"skip":true},"53":{"start":{"line":192,"column":8},"end":{"line":192,"column":35},"skip":true},"54":{"start":{"line":193,"column":8},"end":{"line":193,"column":14},"skip":true}},"branchMap":{"1":{"line":25,"type":"binary-expr","locations":[{"start":{"line":25,"column":23},"end":{"line":25,"column":62}},{"start":{"line":26,"column":20},"end":{"line":26,"column":70}},{"start":{"line":27,"column":20},"end":{"line":27,"column":71}},{"start":{"line":28,"column":20},"end":{"line":28,"column":29}}]},"2":{"line":30,"type":"binary-expr","locations":[{"start":{"line":30,"column":23},"end":{"line":30,"column":37}},{"start":{"line":31,"column":20},"end":{"line":31,"column":61}},{"start":{"line":32,"column":20},"end":{"line":32,"column":70}},{"start":{"line":33,"column":20},"end":{"line":33,"column":26}}]},"3":{"line":37,"type":"cond-expr","locations":[{"start":{"line":38,"column":14},"end":{"line":38,"column":20}},{"start":{"line":39,"column":14},"end":{"line":39,"column":20}}]},"4":{"line":40,"type":"switch","locations":[{"start":{"line":42,"column":8},"end":{"line":47,"column":18}},{"start":{"line":49,"column":8},"end":{"line":52,"column":18}}]},"5":{"line":44,"type":"binary-expr","locations":[{"start":{"line":44,"column":16},"end":{"line":44,"column":44}},{"start":{"line":44,"column":48},"end":{"line":44,"column":66}}]},"6":{"line":50,"type":"binary-expr","locations":[{"start":{"line":50,"column":21},"end":{"line":50,"column":49}},{"start":{"line":50,"column":53},"end":{"line":50,"column":72}}]},"7":{"line":64,"type":"switch","locations":[{"start":{"line":69,"column":4},"end":{"line":70,"column":14}},{"start":{"line":75,"column":4},"end":{"line":76,"column":14}}]},"8":{"line":85,"type":"switch","locations":[{"start":{"line":90,"column":4},"end":{"line":105,"column":14}},{"start":{"line":111,"column":4},"end":{"line":193,"column":14},"skip":true}]},"9":{"line":91,"type":"binary-expr","locations":[{"start":{"line":91,"column":42},"end":{"line":91,"column":73}},{"start":{"line":91,"column":77},"end":{"line":99,"column":9}}]},"10":{"line":102,"type":"binary-expr","locations":[{"start":{"line":102,"column":18},"end":{"line":102,"column":32}},{"start":{"line":103,"column":12},"end":{"line":103,"column":53}},{"start":{"line":104,"column":12},"end":{"line":104,"column":61}}]},"11":{"line":112,"type":"binary-expr","locations":[{"start":{"line":112,"column":45},"end":{"line":112,"column":79},"skip":true},{"start":{"line":112,"column":83},"end":{"line":121,"column":9},"skip":true}]},"12":{"line":123,"type":"binary-expr","locations":[{"start":{"line":123,"column":42},"end":{"line":123,"column":73},"skip":true},{"start":{"line":123,"column":77},"end":{"line":136,"column":9},"skip":true}]},"13":{"line":138,"type":"binary-expr","locations":[{"start":{"line":138,"column":48},"end":{"line":138,"column":85},"skip":true},{"start":{"line":139,"column":12},"end":{"line":145,"column":13},"skip":true}]},"14":{"line":147,"type":"binary-expr","locations":[{"start":{"line":147,"column":42},"end":{"line":147,"column":73},"skip":true},{"start":{"line":147,"column":77},"end":{"line":156,"column":9},"skip":true}]},"15":{"line":158,"type":"binary-expr","locations":[{"start":{"line":158,"column":45},"end":{"line":158,"column":79},"skip":true},{"start":{"line":158,"column":83},"end":{"line":167,"column":9},"skip":true}]},"16":{"line":169,"type":"binary-expr","locations":[{"start":{"line":169,"column":43},"end":{"line":169,"column":75},"skip":true},{"start":{"line":169,"column":79},"end":{"line":178,"column":9},"skip":true}]},"17":{"line":180,"type":"binary-expr","locations":[{"start":{"line":180,"column":41},"end":{"line":180,"column":71},"skip":true},{"start":{"line":180,"column":75},"end":{"line":189,"column":9},"skip":true}]}},"code":["/* istanbul instrument in package npmtest_common_errors */","/*jslint","    bitwise: true,","    browser: true,","    maxerr: 8,","    maxlen: 96,","    node: true,","    nomen: true,","    regexp: true,","    stupid: true","*/","(function () {","    'use strict';","    var local;","","","","    // run shared js-env code - pre-init","    (function () {","        // init local","        local = {};","        // init modeJs","        local.modeJs = (function () {","            try {","                return typeof navigator.userAgent === 'string' &&","                    typeof document.querySelector('body') === 'object' &&","                    typeof XMLHttpRequest.prototype.open === 'function' &&","                    'browser';","            } catch (errorCaughtBrowser) {","                return module.exports &&","                    typeof process.versions.node === 'string' &&","                    typeof require('http').createServer === 'function' &&","                    'node';","            }","        }());","        // init global","        local.global = local.modeJs === 'browser'","            ? window","            : global;","        switch (local.modeJs) {","        // re-init local from window.local","        case 'browser':","            local = local.global.utility2.objectSetDefault(","                local.global.utility2_rollup || local.global.local,","                local.global.utility2","            );","            break;","        // re-init local from example.js","        case 'node':","            local = (local.global.utility2_rollup || require('utility2'))","                .requireReadme();","            break;","        }","        // export local","        local.global.local = local;","    }());","","","","    // run shared js-env code - function","    (function () {","        return;","    }());","    switch (local.modeJs) {","","","","    // run browser js-env code - function","    case 'browser':","        break;","","","","    // run node js-env code - function","    case 'node':","        break;","    }","","","","    // run shared js-env code - post-init","    (function () {","        return;","    }());","    switch (local.modeJs) {","","","","    // run browser js-env code - post-init","    case 'browser':","        local.testCase_browser_nullCase = local.testCase_browser_nullCase || function (","            options,","            onError","        ) {","        /*","         * this function will test browsers's null-case handling-behavior-behavior","         */","            onError(null, options);","        };","","        // run tests","        local.nop(local.modeTest &&","            document.querySelector('#testRunButton1') &&","            document.querySelector('#testRunButton1').click());","        break;","","","","    // run node js-env code - post-init","    /* istanbul ignore next */","    case 'node':","        local.testCase_buildApidoc_default = local.testCase_buildApidoc_default || function (","            options,","            onError","        ) {","        /*","         * this function will test buildApidoc's default handling-behavior-behavior","         */","            options = { modulePathList: module.paths };","            local.buildApidoc(options, onError);","        };","","        local.testCase_buildApp_default = local.testCase_buildApp_default || function (","            options,","            onError","        ) {","        /*","         * this function will test buildApp's default handling-behavior-behavior","         */","            local.testCase_buildReadme_default(options, local.onErrorThrow);","            local.testCase_buildLib_default(options, local.onErrorThrow);","            local.testCase_buildTest_default(options, local.onErrorThrow);","            local.testCase_buildCustomOrg_default(options, local.onErrorThrow);","            options = [];","            local.buildApp(options, onError);","        };","","        local.testCase_buildCustomOrg_default = local.testCase_buildCustomOrg_default ||","            function (options, onError) {","            /*","             * this function will test buildCustomOrg's default handling-behavior","             */","                options = {};","                local.buildCustomOrg(options, onError);","            };","","        local.testCase_buildLib_default = local.testCase_buildLib_default || function (","            options,","            onError","        ) {","        /*","         * this function will test buildLib's default handling-behavior","         */","            options = {};","            local.buildLib(options, onError);","        };","","        local.testCase_buildReadme_default = local.testCase_buildReadme_default || function (","            options,","            onError","        ) {","        /*","         * this function will test buildReadme's default handling-behavior-behavior","         */","            options = {};","            local.buildReadme(options, onError);","        };","","        local.testCase_buildTest_default = local.testCase_buildTest_default || function (","            options,","            onError","        ) {","        /*","         * this function will test buildTest's default handling-behavior","         */","            options = {};","            local.buildTest(options, onError);","        };","","        local.testCase_webpage_default = local.testCase_webpage_default || function (","            options,","            onError","        ) {","        /*","         * this function will test webpage's default handling-behavior","         */","            options = { modeCoverageMerge: true, url: local.serverLocalHost + '?modeTest=1' };","            local.browserTest(options, onError);","        };","","        // run test-server","        local.testRunServer(local);","        break;","    }","}());",""],"l":{"12":2,"14":2,"19":2,"21":2,"23":2,"24":2,"25":2,"30":1,"37":2,"40":2,"43":1,"47":1,"50":1,"52":1,"55":2,"61":2,"62":2,"64":2,"70":1,"76":1,"82":2,"83":2,"85":2,"91":1,"98":1,"102":1,"105":1,"112":1,"119":1,"120":1,"123":1,"130":1,"131":1,"132":1,"133":1,"134":1,"135":1,"138":1,"143":2,"144":2,"147":1,"154":2,"155":2,"158":1,"165":2,"166":2,"169":1,"176":2,"177":2,"180":1,"187":1,"188":1,"192":1,"193":1}},"/home/travis/build/npmtest/node-npmtest-common-errors/lib.npmtest_common_errors.js":{"path":"/home/travis/build/npmtest/node-npmtest-common-errors/lib.npmtest_common_errors.js","s":{"1":2,"2":2,"3":2,"4":2,"5":2,"6":2,"7":2,"8":1,"9":2,"10":2,"11":2,"12":2,"13":1,"14":1,"15":1,"16":1},"b":{"1":[2,1,1,1],"2":[1,1,1,1],"3":[1,1],"4":[2,2],"5":[1,1]},"f":{"1":2,"2":2,"3":2},"fnMap":{"1":{"name":"(anonymous_1)","line":12,"loc":{"start":{"line":12,"column":1},"end":{"line":12,"column":13}}},"2":{"name":"(anonymous_2)","line":19,"loc":{"start":{"line":19,"column":5},"end":{"line":19,"column":17}}},"3":{"name":"(anonymous_3)","line":23,"loc":{"start":{"line":23,"column":24},"end":{"line":23,"column":36}}}},"statementMap":{"1":{"start":{"line":12,"column":0},"end":{"line":53,"column":5}},"2":{"start":{"line":14,"column":4},"end":{"line":14,"column":14}},"3":{"start":{"line":19,"column":4},"end":{"line":52,"column":9}},"4":{"start":{"line":21,"column":8},"end":{"line":21,"column":19}},"5":{"start":{"line":23,"column":8},"end":{"line":35,"column":13}},"6":{"start":{"line":24,"column":12},"end":{"line":34,"column":13}},"7":{"start":{"line":25,"column":16},"end":{"line":28,"column":30}},"8":{"start":{"line":30,"column":16},"end":{"line":33,"column":27}},"9":{"start":{"line":37,"column":8},"end":{"line":39,"column":21}},"10":{"start":{"line":41,"column":8},"end":{"line":41,"column":54}},"11":{"start":{"line":43,"column":8},"end":{"line":43,"column":58}},"12":{"start":{"line":45,"column":8},"end":{"line":51,"column":9}},"13":{"start":{"line":46,"column":12},"end":{"line":46,"column":64}},"14":{"start":{"line":48,"column":12},"end":{"line":48,"column":35}},"15":{"start":{"line":49,"column":12},"end":{"line":49,"column":49}},"16":{"start":{"line":50,"column":12},"end":{"line":50,"column":43}}},"branchMap":{"1":{"line":25,"type":"binary-expr","locations":[{"start":{"line":25,"column":23},"end":{"line":25,"column":62}},{"start":{"line":26,"column":20},"end":{"line":26,"column":70}},{"start":{"line":27,"column":20},"end":{"line":27,"column":71}},{"start":{"line":28,"column":20},"end":{"line":28,"column":29}}]},"2":{"line":30,"type":"binary-expr","locations":[{"start":{"line":30,"column":23},"end":{"line":30,"column":37}},{"start":{"line":31,"column":20},"end":{"line":31,"column":61}},{"start":{"line":32,"column":20},"end":{"line":32,"column":70}},{"start":{"line":33,"column":20},"end":{"line":33,"column":26}}]},"3":{"line":37,"type":"cond-expr","locations":[{"start":{"line":38,"column":14},"end":{"line":38,"column":20}},{"start":{"line":39,"column":14},"end":{"line":39,"column":20}}]},"4":{"line":41,"type":"binary-expr","locations":[{"start":{"line":41,"column":16},"end":{"line":41,"column":44}},{"start":{"line":41,"column":48},"end":{"line":41,"column":53}}]},"5":{"line":45,"type":"if","locations":[{"start":{"line":45,"column":8},"end":{"line":45,"column":8}},{"start":{"line":45,"column":8},"end":{"line":45,"column":8}}]}},"code":["/* istanbul instrument in package npmtest_common_errors */","/*jslint","    bitwise: true,","    browser: true,","    maxerr: 8,","    maxlen: 96,","    node: true,","    nomen: true,","    regexp: true,","    stupid: true","*/","(function () {","    'use strict';","    var local;","","","","    // run shared js-env code - pre-init","    (function () {","        // init local","        local = {};","        // init modeJs","        local.modeJs = (function () {","            try {","                return typeof navigator.userAgent === 'string' &&","                    typeof document.querySelector('body') === 'object' &&","                    typeof XMLHttpRequest.prototype.open === 'function' &&","                    'browser';","            } catch (errorCaughtBrowser) {","                return module.exports &&","                    typeof process.versions.node === 'string' &&","                    typeof require('http').createServer === 'function' &&","                    'node';","            }","        }());","        // init global","        local.global = local.modeJs === 'browser'","            ? window","            : global;","        // init utility2_rollup","        local = local.global.utility2_rollup || local;","        // init lib","        local.local = local.npmtest_common_errors = local;","        // init exports","        if (local.modeJs === 'browser') {","            local.global.utility2_npmtest_common_errors = local;","        } else {","            module.exports = local;","            module.exports.__dirname = __dirname;","            module.exports.module = module;","        }","    }());","}());",""],"l":{"12":2,"14":2,"19":2,"21":2,"23":2,"24":2,"25":2,"30":1,"37":2,"41":2,"43":2,"45":2,"46":1,"48":1,"49":1,"50":1}},"/home/travis/build/npmtest/node-npmtest-common-errors/example.js":{"path":"/home/travis/build/npmtest/node-npmtest-common-errors/example.js","s":{"1":2,"2":2,"3":2,"4":2,"5":2,"6":2,"7":2,"8":1,"9":2,"10":2,"11":2,"12":2,"13":1,"14":2,"15":2,"16":2,"17":2,"18":2,"19":0,"20":2,"21":1,"22":1,"23":1,"24":1,"25":1,"26":0,"27":0,"28":1,"29":1,"30":2,"31":0,"32":0,"33":0,"34":1,"35":2,"36":2,"37":3,"38":3,"39":3,"40":3,"41":0,"42":3,"43":3,"44":3,"45":1,"46":3,"47":1,"48":1,"49":1,"50":1,"51":1,"52":1,"53":1,"54":1,"55":1,"56":1,"57":0,"58":1,"59":6,"60":6,"61":1,"62":2,"63":0,"64":2,"65":1,"66":1,"67":0,"68":0,"69":0,"70":0,"71":0,"72":0,"73":0,"74":0,"75":0,"76":0,"77":0,"78":0,"79":0,"80":0,"81":0,"82":0,"83":0},"b":{"1":[2,1,1,1],"2":[1,1,1,1],"3":[1,1],"4":[2,2],"5":[1,1],"6":[1,1],"7":[2,0],"8":[2,1,1,1,1,1],"9":[0,2,0],"10":[1,1],"11":[2,1,1],"12":[1,0],"13":[0,2],"14":[2,0,0,0,0,0,0],"15":[0,3],"16":[3,0],"17":[1,1],"18":[0,1],"19":[1,2,0,2],"20":[1,0],"21":[1,1],"22":[0,0],"23":[0,0],"24":[0,0],"25":[0,0],"26":[0,0],"27":[0,0],"28":[0,0]},"f":{"1":2,"2":2,"3":2,"4":2,"5":2,"6":2,"7":3,"8":3,"9":3,"10":1,"11":6,"12":0},"fnMap":{"1":{"name":"(anonymous_1)","line":26,"loc":{"start":{"line":26,"column":1},"end":{"line":26,"column":13}}},"2":{"name":"(anonymous_2)","line":33,"loc":{"start":{"line":33,"column":5},"end":{"line":33,"column":17}}},"3":{"name":"(anonymous_3)","line":37,"loc":{"start":{"line":37,"column":24},"end":{"line":37,"column":36}}},"4":{"name":"(anonymous_4)","line":69,"loc":{"start":{"line":69,"column":31},"end":{"line":69,"column":48}},"skip":true},"5":{"name":"(anonymous_5)","line":78,"loc":{"start":{"line":78,"column":26},"end":{"line":78,"column":45}},"skip":true},"6":{"name":"(anonymous_6)","line":123,"loc":{"start":{"line":123,"column":33},"end":{"line":123,"column":48}},"skip":true},"7":{"name":"(anonymous_7)","line":125,"loc":{"start":{"line":125,"column":27},"end":{"line":125,"column":39}},"skip":true},"8":{"name":"(anonymous_8)","line":133,"loc":{"start":{"line":133,"column":59},"end":{"line":133,"column":74}},"skip":true},"9":{"name":"(anonymous_9)","line":143,"loc":{"start":{"line":143,"column":45},"end":{"line":143,"column":62}},"skip":true},"10":{"name":"(anonymous_10)","line":144,"loc":{"start":{"line":144,"column":73},"end":{"line":144,"column":92}},"skip":true},"11":{"name":"(anonymous_11)","line":272,"loc":{"start":{"line":272,"column":51},"end":{"line":272,"column":77}},"skip":true},"12":{"name":"(anonymous_12)","line":315,"loc":{"start":{"line":315,"column":32},"end":{"line":315,"column":61}},"skip":true}},"statementMap":{"1":{"start":{"line":26,"column":0},"end":{"line":326,"column":5}},"2":{"start":{"line":28,"column":4},"end":{"line":28,"column":14}},"3":{"start":{"line":33,"column":4},"end":{"line":60,"column":9}},"4":{"start":{"line":35,"column":8},"end":{"line":35,"column":19}},"5":{"start":{"line":37,"column":8},"end":{"line":49,"column":13}},"6":{"start":{"line":38,"column":12},"end":{"line":48,"column":13}},"7":{"start":{"line":39,"column":16},"end":{"line":42,"column":30}},"8":{"start":{"line":44,"column":16},"end":{"line":47,"column":27}},"9":{"start":{"line":51,"column":8},"end":{"line":53,"column":21}},"10":{"start":{"line":55,"column":8},"end":{"line":57,"column":45}},"11":{"start":{"line":59,"column":8},"end":{"line":59,"column":35}},"12":{"start":{"line":61,"column":4},"end":{"line":325,"column":5}},"13":{"start":{"line":69,"column":8},"end":{"line":121,"column":10},"skip":true},"14":{"start":{"line":70,"column":12},"end":{"line":88,"column":13},"skip":true},"15":{"start":{"line":76,"column":16},"end":{"line":87,"column":19},"skip":true},"16":{"start":{"line":79,"column":20},"end":{"line":86,"column":21},"skip":true},"17":{"start":{"line":82,"column":24},"end":{"line":82,"column":43},"skip":true},"18":{"start":{"line":83,"column":24},"end":{"line":83,"column":30},"skip":true},"19":{"start":{"line":85,"column":24},"end":{"line":85,"column":49},"skip":true},"20":{"start":{"line":89,"column":12},"end":{"line":107,"column":13},"skip":true},"21":{"start":{"line":92,"column":16},"end":{"line":102,"column":17},"skip":true},"22":{"start":{"line":93,"column":20},"end":{"line":93,"column":86},"skip":true},"23":{"start":{"line":94,"column":20},"end":{"line":95,"column":45},"skip":true},"24":{"start":{"line":96,"column":20},"end":{"line":96,"column":42},"skip":true},"25":{"start":{"line":97,"column":20},"end":{"line":97,"column":48},"skip":true},"26":{"start":{"line":100,"column":20},"end":{"line":100,"column":85},"skip":true},"27":{"start":{"line":101,"column":20},"end":{"line":101,"column":96},"skip":true},"28":{"start":{"line":103,"column":16},"end":{"line":103,"column":22},"skip":true},"29":{"start":{"line":106,"column":16},"end":{"line":106,"column":22},"skip":true},"30":{"start":{"line":108,"column":12},"end":{"line":120,"column":13},"skip":true},"31":{"start":{"line":114,"column":16},"end":{"line":119,"column":17},"skip":true},"32":{"start":{"line":116,"column":20},"end":{"line":116,"column":78},"skip":true},"33":{"start":{"line":118,"column":20},"end":{"line":118,"column":47},"skip":true},"34":{"start":{"line":123,"column":8},"end":{"line":141,"column":11},"skip":true},"35":{"start":{"line":124,"column":12},"end":{"line":124,"column":54},"skip":true},"36":{"start":{"line":125,"column":12},"end":{"line":140,"column":14},"skip":true},"37":{"start":{"line":126,"column":16},"end":{"line":126,"column":28},"skip":true},"38":{"start":{"line":127,"column":16},"end":{"line":127,"column":69},"skip":true},"39":{"start":{"line":128,"column":16},"end":{"line":128,"column":75},"skip":true},"40":{"start":{"line":129,"column":16},"end":{"line":131,"column":17},"skip":true},"41":{"start":{"line":130,"column":20},"end":{"line":130,"column":27},"skip":true},"42":{"start":{"line":133,"column":16},"end":{"line":137,"column":36},"skip":true},"43":{"start":{"line":134,"column":20},"end":{"line":136,"column":55},"skip":true},"44":{"start":{"line":139,"column":16},"end":{"line":139,"column":57},"skip":true},"45":{"start":{"line":143,"column":8},"end":{"line":147,"column":11},"skip":true},"46":{"start":{"line":144,"column":12},"end":{"line":146,"column":15},"skip":true},"47":{"start":{"line":145,"column":16},"end":{"line":145,"column":70},"skip":true},"48":{"start":{"line":149,"column":8},"end":{"line":149,"column":31},"skip":true},"49":{"start":{"line":150,"column":8},"end":{"line":150,"column":14},"skip":true},"50":{"start":{"line":158,"column":8},"end":{"line":158,"column":31},"skip":true},"51":{"start":{"line":160,"column":8},"end":{"line":160,"column":33},"skip":true},"52":{"start":{"line":161,"column":8},"end":{"line":161,"column":37},"skip":true},"53":{"start":{"line":162,"column":8},"end":{"line":162,"column":35},"skip":true},"54":{"start":{"line":164,"column":8},"end":{"line":164,"column":50},"skip":true},"55":{"start":{"line":166,"column":8},"end":{"line":256,"column":2},"skip":true},"56":{"start":{"line":258,"column":8},"end":{"line":286,"column":9},"skip":true},"57":{"start":{"line":259,"column":12},"end":{"line":269,"column":14},"skip":true},"58":{"start":{"line":271,"column":12},"end":{"line":285,"column":19},"skip":true},"59":{"start":{"line":274,"column":20},"end":{"line":274,"column":35},"skip":true},"60":{"start":{"line":275,"column":20},"end":{"line":284,"column":21},"skip":true},"61":{"start":{"line":277,"column":24},"end":{"line":277,"column":64},"skip":true},"62":{"start":{"line":279,"column":24},"end":{"line":279,"column":40},"skip":true},"63":{"start":{"line":281,"column":24},"end":{"line":281,"column":40},"skip":true},"64":{"start":{"line":283,"column":24},"end":{"line":283,"column":39},"skip":true},"65":{"start":{"line":288,"column":8},"end":{"line":290,"column":9},"skip":true},"66":{"start":{"line":289,"column":12},"end":{"line":289,"column":18},"skip":true},"67":{"start":{"line":291,"column":8},"end":{"line":293,"column":54},"skip":true},"68":{"start":{"line":296,"column":8},"end":{"line":301,"column":37},"skip":true},"69":{"start":{"line":303,"column":8},"end":{"line":303,"column":82},"skip":true},"70":{"start":{"line":306,"column":8},"end":{"line":308,"column":9},"skip":true},"71":{"start":{"line":307,"column":12},"end":{"line":307,"column":82},"skip":true},"72":{"start":{"line":310,"column":8},"end":{"line":312,"column":9},"skip":true},"73":{"start":{"line":311,"column":12},"end":{"line":311,"column":18},"skip":true},"74":{"start":{"line":313,"column":8},"end":{"line":313,"column":54},"skip":true},"75":{"start":{"line":314,"column":8},"end":{"line":314,"column":69},"skip":true},"76":{"start":{"line":315,"column":8},"end":{"line":323,"column":36},"skip":true},"77":{"start":{"line":316,"column":12},"end":{"line":316,"column":61},"skip":true},"78":{"start":{"line":317,"column":12},"end":{"line":320,"column":13},"skip":true},"79":{"start":{"line":318,"column":16},"end":{"line":318,"column":75},"skip":true},"80":{"start":{"line":319,"column":16},"end":{"line":319,"column":23},"skip":true},"81":{"start":{"line":321,"column":12},"end":{"line":321,"column":38},"skip":true},"82":{"start":{"line":322,"column":12},"end":{"line":322,"column":27},"skip":true},"83":{"start":{"line":324,"column":8},"end":{"line":324,"column":14},"skip":true}},"branchMap":{"1":{"line":39,"type":"binary-expr","locations":[{"start":{"line":39,"column":23},"end":{"line":39,"column":62}},{"start":{"line":40,"column":20},"end":{"line":40,"column":70}},{"start":{"line":41,"column":20},"end":{"line":41,"column":71}},{"start":{"line":42,"column":20},"end":{"line":42,"column":29}}]},"2":{"line":44,"type":"binary-expr","locations":[{"start":{"line":44,"column":23},"end":{"line":44,"column":37}},{"start":{"line":45,"column":20},"end":{"line":45,"column":61}},{"start":{"line":46,"column":20},"end":{"line":46,"column":70}},{"start":{"line":47,"column":20},"end":{"line":47,"column":26}}]},"3":{"line":51,"type":"cond-expr","locations":[{"start":{"line":52,"column":14},"end":{"line":52,"column":20}},{"start":{"line":53,"column":14},"end":{"line":53,"column":20}}]},"4":{"line":55,"type":"binary-expr","locations":[{"start":{"line":55,"column":16},"end":{"line":55,"column":44}},{"start":{"line":55,"column":49},"end":{"line":57,"column":43}}]},"5":{"line":55,"type":"cond-expr","locations":[{"start":{"line":56,"column":14},"end":{"line":56,"column":57}},{"start":{"line":57,"column":14},"end":{"line":57,"column":43}}]},"6":{"line":61,"type":"switch","locations":[{"start":{"line":68,"column":4},"end":{"line":150,"column":14},"skip":true},{"start":{"line":156,"column":4},"end":{"line":324,"column":14},"skip":true}]},"7":{"line":70,"type":"if","locations":[{"start":{"line":70,"column":12},"end":{"line":70,"column":12},"skip":true},{"start":{"line":70,"column":12},"end":{"line":70,"column":12},"skip":true}]},"8":{"line":70,"type":"binary-expr","locations":[{"start":{"line":70,"column":16},"end":{"line":70,"column":22},"skip":true},{"start":{"line":70,"column":27},"end":{"line":70,"column":32},"skip":true},{"start":{"line":71,"column":20},"end":{"line":71,"column":39},"skip":true},{"start":{"line":72,"column":20},"end":{"line":72,"column":49},"skip":true},{"start":{"line":73,"column":20},"end":{"line":73,"column":58},"skip":true},{"start":{"line":74,"column":20},"end":{"line":74,"column":69},"skip":true}]},"9":{"line":79,"type":"switch","locations":[{"start":{"line":80,"column":20},"end":{"line":80,"column":33},"skip":true},{"start":{"line":81,"column":20},"end":{"line":83,"column":30},"skip":true},{"start":{"line":84,"column":20},"end":{"line":85,"column":49},"skip":true}]},"10":{"line":89,"type":"switch","locations":[{"start":{"line":90,"column":12},"end":{"line":103,"column":22},"skip":true},{"start":{"line":105,"column":12},"end":{"line":106,"column":22},"skip":true}]},"11":{"line":89,"type":"binary-expr","locations":[{"start":{"line":89,"column":20},"end":{"line":89,"column":25},"skip":true},{"start":{"line":89,"column":29},"end":{"line":89,"column":48},"skip":true},{"start":{"line":89,"column":52},"end":{"line":89,"column":74},"skip":true}]},"12":{"line":92,"type":"if","locations":[{"start":{"line":92,"column":16},"end":{"line":92,"column":16},"skip":true},{"start":{"line":92,"column":16},"end":{"line":92,"column":16},"skip":true}]},"13":{"line":108,"type":"if","locations":[{"start":{"line":108,"column":12},"end":{"line":108,"column":12},"skip":true},{"start":{"line":108,"column":12},"end":{"line":108,"column":12},"skip":true}]},"14":{"line":108,"type":"binary-expr","locations":[{"start":{"line":108,"column":16},"end":{"line":108,"column":61},"skip":true},{"start":{"line":108,"column":66},"end":{"line":108,"column":72},"skip":true},{"start":{"line":108,"column":77},"end":{"line":108,"column":82},"skip":true},{"start":{"line":109,"column":20},"end":{"line":109,"column":39},"skip":true},{"start":{"line":110,"column":20},"end":{"line":110,"column":49},"skip":true},{"start":{"line":111,"column":20},"end":{"line":111,"column":58},"skip":true},{"start":{"line":112,"column":20},"end":{"line":112,"column":68},"skip":true}]},"15":{"line":129,"type":"if","locations":[{"start":{"line":129,"column":16},"end":{"line":129,"column":16},"skip":true},{"start":{"line":129,"column":16},"end":{"line":129,"column":16},"skip":true}]},"16":{"line":134,"type":"cond-expr","locations":[{"start":{"line":135,"column":26},"end":{"line":135,"column":29},"skip":true},{"start":{"line":136,"column":26},"end":{"line":136,"column":54},"skip":true}]},"17":{"line":164,"type":"binary-expr","locations":[{"start":{"line":164,"column":27},"end":{"line":164,"column":43},"skip":true},{"start":{"line":164,"column":47},"end":{"line":164,"column":49},"skip":true}]},"18":{"line":258,"type":"if","locations":[{"start":{"line":258,"column":8},"end":{"line":258,"column":8},"skip":true},{"start":{"line":258,"column":8},"end":{"line":258,"column":8},"skip":true}]},"19":{"line":275,"type":"switch","locations":[{"start":{"line":276,"column":20},"end":{"line":277,"column":64},"skip":true},{"start":{"line":278,"column":20},"end":{"line":279,"column":40},"skip":true},{"start":{"line":280,"column":20},"end":{"line":281,"column":40},"skip":true},{"start":{"line":282,"column":20},"end":{"line":283,"column":39},"skip":true}]},"20":{"line":288,"type":"if","locations":[{"start":{"line":288,"column":8},"end":{"line":288,"column":8},"skip":true},{"start":{"line":288,"column":8},"end":{"line":288,"column":8},"skip":true}]},"21":{"line":288,"type":"binary-expr","locations":[{"start":{"line":288,"column":12},"end":{"line":288,"column":40},"skip":true},{"start":{"line":288,"column":44},"end":{"line":288,"column":67},"skip":true}]},"22":{"line":292,"type":"binary-expr","locations":[{"start":{"line":292,"column":12},"end":{"line":292,"column":50},"skip":true},{"start":{"line":293,"column":12},"end":{"line":293,"column":53},"skip":true}]},"23":{"line":297,"type":"binary-expr","locations":[{"start":{"line":297,"column":12},"end":{"line":297,"column":71},"skip":true},{"start":{"line":298,"column":12},"end":{"line":301,"column":36},"skip":true}]},"24":{"line":303,"type":"binary-expr","locations":[{"start":{"line":303,"column":43},"end":{"line":303,"column":75},"skip":true},{"start":{"line":303,"column":79},"end":{"line":303,"column":81},"skip":true}]},"25":{"line":306,"type":"if","locations":[{"start":{"line":306,"column":8},"end":{"line":306,"column":8},"skip":true},{"start":{"line":306,"column":8},"end":{"line":306,"column":8},"skip":true}]},"26":{"line":310,"type":"if","locations":[{"start":{"line":310,"column":8},"end":{"line":310,"column":8},"skip":true},{"start":{"line":310,"column":8},"end":{"line":310,"column":8},"skip":true}]},"27":{"line":313,"type":"binary-expr","locations":[{"start":{"line":313,"column":27},"end":{"line":313,"column":43},"skip":true},{"start":{"line":313,"column":47},"end":{"line":313,"column":53},"skip":true}]},"28":{"line":317,"type":"if","locations":[{"start":{"line":317,"column":12},"end":{"line":317,"column":12},"skip":true},{"start":{"line":317,"column":12},"end":{"line":317,"column":12},"skip":true}]}},"code":["/*","example.js","","quickstart example","","instruction","    1. save this script as example.js","    2. run the shell command:","        $ npm install npmtest-common-errors && PORT=8081 node example.js","    3. play with the browser-demo on http://127.0.0.1:8081","*/","","","","/* istanbul instrument in package npmtest_common_errors */","/*jslint","    bitwise: true,","    browser: true,","    maxerr: 8,","    maxlen: 96,","    node: true,","    nomen: true,","    regexp: true,","    stupid: true","*/","(function () {","    'use strict';","    var local;","","","","    // run shared js-env code - pre-init","    (function () {","        // init local","        local = {};","        // init modeJs","        local.modeJs = (function () {","            try {","                return typeof navigator.userAgent === 'string' &&","                    typeof document.querySelector('body') === 'object' &&","                    typeof XMLHttpRequest.prototype.open === 'function' &&","                    'browser';","            } catch (errorCaughtBrowser) {","                return module.exports &&","                    typeof process.versions.node === 'string' &&","                    typeof require('http').createServer === 'function' &&","                    'node';","            }","        }());","        // init global","        local.global = local.modeJs === 'browser'","            ? window","            : global;","        // init utility2_rollup","        local = local.global.utility2_rollup || (local.modeJs === 'browser'","            ? local.global.utility2_npmtest_common_errors","            : global.utility2_moduleExports);","        // export local","        local.global.local = local;","    }());","    switch (local.modeJs) {","","","","    // post-init","    // run browser js-env code - post-init","    /* istanbul ignore next */","    case 'browser':","        local.testRunBrowser = function (event) {","            if (!event || (event &&","                    event.currentTarget &&","                    event.currentTarget.className &&","                    event.currentTarget.className.includes &&","                    event.currentTarget.className.includes('onreset'))) {","                // reset output","                Array.from(","                    document.querySelectorAll('body > .resettable')","                ).forEach(function (element) {","                    switch (element.tagName) {","                    case 'INPUT':","                    case 'TEXTAREA':","                        element.value = '';","                        break;","                    default:","                        element.textContent = '';","                    }","                });","            }","            switch (event && event.currentTarget && event.currentTarget.id) {","            case 'testRunButton1':","                // show tests","                if (document.querySelector('#testReportDiv1').style.display === 'none') {","                    document.querySelector('#testReportDiv1').style.display = 'block';","                    document.querySelector('#testRunButton1').textContent =","                        'hide internal test';","                    local.modeTest = true;","                    local.testRunDefault(local);","                // hide tests","                } else {","                    document.querySelector('#testReportDiv1').style.display = 'none';","                    document.querySelector('#testRunButton1').textContent = 'run internal test';","                }","                break;","            // custom-case","            default:","                break;","            }","            if (document.querySelector('#inputTextareaEval1') && (!event || (event &&","                    event.currentTarget &&","                    event.currentTarget.className &&","                    event.currentTarget.className.includes &&","                    event.currentTarget.className.includes('oneval')))) {","                // try to eval input-code","                try {","                    /*jslint evil: true*/","                    eval(document.querySelector('#inputTextareaEval1').value);","                } catch (errorCaught) {","                    console.error(errorCaught);","                }","            }","        };","        // log stderr and stdout to #outputTextareaStdout1","        ['error', 'log'].forEach(function (key) {","            console[key + '_original'] = console[key];","            console[key] = function () {","                var element;","                console[key + '_original'].apply(console, arguments);","                element = document.querySelector('#outputTextareaStdout1');","                if (!element) {","                    return;","                }","                // append text to #outputTextareaStdout1","                element.value += Array.from(arguments).map(function (arg) {","                    return typeof arg === 'string'","                        ? arg","                        : JSON.stringify(arg, null, 4);","                }).join(' ') + '\\n';","                // scroll textarea to bottom","                element.scrollTop = element.scrollHeight;","            };","        });","        // init event-handling","        ['change', 'click', 'keyup'].forEach(function (event) {","            Array.from(document.querySelectorAll('.on' + event)).forEach(function (element) {","                element.addEventListener(event, local.testRunBrowser);","            });","        });","        // run tests","        local.testRunBrowser();","        break;","","","","    // run node js-env code - post-init","    /* istanbul ignore next */","    case 'node':","        // export local","        module.exports = local;","        // require modules","        local.fs = require('fs');","        local.http = require('http');","        local.url = require('url');","        // init assets","        local.assetsDict = local.assetsDict || {};","        /* jslint-ignore-begin */","        local.assetsDict['/assets.index.template.html'] = '\\","<!doctype html>\\n\\","<html lang=\"en\">\\n\\","<head>\\n\\","<meta charset=\"UTF-8\">\\n\\","<meta name=\"viewport\" content=\"width=device-width, initial-scale=1\">\\n\\","<title>{{env.npm_package_name}} (v{{env.npm_package_version}})</title>\\n\\","<style>\\n\\","/*csslint\\n\\","    box-sizing: false,\\n\\","    universal-selector: false\\n\\","*/\\n\\","* {\\n\\","    box-sizing: border-box;\\n\\","}\\n\\","body {\\n\\","    background: #dde;\\n\\","    font-family: Arial, Helvetica, sans-serif;\\n\\","    margin: 2rem;\\n\\","}\\n\\","body > * {\\n\\","    margin-bottom: 1rem;\\n\\","}\\n\\",".utility2FooterDiv {\\n\\","    margin-top: 20px;\\n\\","    text-align: center;\\n\\","}\\n\\","</style>\\n\\","<style>\\n\\","/*csslint\\n\\","*/\\n\\","textarea {\\n\\","    font-family: monospace;\\n\\","    height: 10rem;\\n\\","    width: 100%;\\n\\","}\\n\\","textarea[readonly] {\\n\\","    background: #ddd;\\n\\","}\\n\\","</style>\\n\\","</head>\\n\\","<body>\\n\\","<!-- utility2-comment\\n\\","<div id=\"ajaxProgressDiv1\" style=\"background: #d00; height: 2px; left: 0; margin: 0; padding: 0; position: fixed; top: 0; transition: background 0.5s, width 1.5s; width: 25%;\"></div>\\n\\","utility2-comment -->\\n\\","<h1>\\n\\","<!-- utility2-comment\\n\\","    <a\\n\\","        {{#if env.npm_package_homepage}}\\n\\","        href=\"{{env.npm_package_homepage}}\"\\n\\","        {{/if env.npm_package_homepage}}\\n\\","        target=\"_blank\"\\n\\","    >\\n\\","utility2-comment -->\\n\\","        {{env.npm_package_name}} (v{{env.npm_package_version}})\\n\\","<!-- utility2-comment\\n\\","    </a>\\n\\","utility2-comment -->\\n\\","</h1>\\n\\","<h3>{{env.npm_package_description}}</h3>\\n\\","<!-- utility2-comment\\n\\","<h4><a download href=\"assets.app.js\">download standalone app</a></h4>\\n\\","<button class=\"onclick onreset\" id=\"testRunButton1\">run internal test</button><br>\\n\\","<div id=\"testReportDiv1\" style=\"display: none;\"></div>\\n\\","utility2-comment -->\\n\\","\\n\\","\\n\\","\\n\\","<label>stderr and stdout</label>\\n\\","<textarea class=\"resettable\" id=\"outputTextareaStdout1\" readonly></textarea>\\n\\","<!-- utility2-comment\\n\\","{{#if isRollup}}\\n\\","<script src=\"assets.app.js\"></script>\\n\\","{{#unless isRollup}}\\n\\","utility2-comment -->\\n\\","<script src=\"assets.utility2.rollup.js\"></script>\\n\\","<script src=\"jsonp.utility2._stateInit?callback=window.utility2._stateInit\"></script>\\n\\","<script src=\"assets.npmtest_common_errors.rollup.js\"></script>\\n\\","<script src=\"assets.example.js\"></script>\\n\\","<script src=\"assets.test.js\"></script>\\n\\","<!-- utility2-comment\\n\\","{{/if isRollup}}\\n\\","utility2-comment -->\\n\\","<div class=\"utility2FooterDiv\">\\n\\","    [ this app was created with\\n\\","    <a href=\"https://github.com/kaizhu256/node-utility2\" target=\"_blank\">utility2</a>\\n\\","    ]\\n\\","</div>\\n\\","</body>\\n\\","</html>\\n\\","';","        /* jslint-ignore-end */","        if (local.templateRender) {","            local.assetsDict['/'] = local.templateRender(","                local.assetsDict['/assets.index.template.html'],","                {","                    env: local.objectSetDefault(local.env, {","                        npm_package_description: 'the greatest app in the world!',","                        npm_package_name: 'my-app',","                        npm_package_nameAlias: 'my_app',","                        npm_package_version: '0.0.1'","                    })","                }","            );","        } else {","            local.assetsDict['/'] = local.assetsDict['/assets.index.template.html']","                .replace((/\\{\\{env\\.(\\w+?)\\}\\}/g), function (match0, match1) {","                    // jslint-hack","                    String(match0);","                    switch (match1) {","                    case 'npm_package_description':","                        return 'the greatest app in the world!';","                    case 'npm_package_name':","                        return 'my-app';","                    case 'npm_package_nameAlias':","                        return 'my_app';","                    case 'npm_package_version':","                        return '0.0.1';","                    }","                });","        }","        // run the cli","        if (local.global.utility2_rollup || module !== require.main) {","            break;","        }","        local.assetsDict['/assets.example.js'] =","            local.assetsDict['/assets.example.js'] ||","            local.fs.readFileSync(__filename, 'utf8');","        // bug-workaround - long $npm_package_buildCustomOrg","        /* jslint-ignore-begin */","        local.assetsDict['/assets.npmtest_common_errors.rollup.js'] =","            local.assetsDict['/assets.npmtest_common_errors.rollup.js'] ||","            local.fs.readFileSync(","                local.npmtest_common_errors.__dirname + '/lib.npmtest_common_errors.js',","                'utf8'","            ).replace((/^#!/), '//');","        /* jslint-ignore-end */","        local.assetsDict['/favicon.ico'] = local.assetsDict['/favicon.ico'] || '';","        // if $npm_config_timeout_exit exists,","        // then exit this process after $npm_config_timeout_exit ms","        if (Number(process.env.npm_config_timeout_exit)) {","            setTimeout(process.exit, Number(process.env.npm_config_timeout_exit));","        }","        // start server","        if (local.global.utility2_serverHttp1) {","            break;","        }","        process.env.PORT = process.env.PORT || '8081';","        console.error('server starting on port ' + process.env.PORT);","        local.http.createServer(function (request, response) {","            request.urlParsed = local.url.parse(request.url);","            if (local.assetsDict[request.urlParsed.pathname] !== undefined) {","                response.end(local.assetsDict[request.urlParsed.pathname]);","                return;","            }","            response.statusCode = 404;","            response.end();","        }).listen(process.env.PORT);","        break;","    }","}());",""],"l":{"26":2,"28":2,"33":2,"35":2,"37":2,"38":2,"39":2,"44":1,"51":2,"55":2,"59":2,"61":2,"69":1,"70":2,"76":2,"79":2,"82":2,"83":2,"85":1,"89":2,"92":1,"93":1,"94":1,"96":1,"97":1,"100":1,"101":1,"103":1,"106":1,"108":2,"114":1,"116":1,"118":1,"123":1,"124":2,"125":2,"126":3,"127":3,"128":3,"129":3,"130":1,"133":3,"134":3,"139":3,"143":1,"144":3,"145":1,"149":1,"150":1,"158":1,"160":1,"161":1,"162":1,"164":1,"166":1,"258":1,"259":1,"271":1,"274":6,"275":6,"277":1,"279":2,"281":1,"283":2,"288":1,"289":1,"291":1,"296":1,"303":1,"306":1,"307":1,"310":1,"311":1,"313":1,"314":1,"315":1,"316":1,"317":1,"318":1,"319":1,"321":1,"322":1,"324":1}},"/home/travis/build/npmtest/node-npmtest-common-errors/node_modules/common-errors/index.js":{"path":"/home/travis/build/npmtest/node-npmtest-common-errors/node_modules/common-errors/index.js","s":{"1":1,"2":1,"3":1,"4":1,"5":1,"6":1,"7":1,"8":1,"9":1,"10":1,"11":1,"12":1,"13":1,"14":1,"15":1,"16":1,"17":1,"18":1,"19":1,"20":1,"21":1,"22":1,"23":1,"24":1,"25":1,"26":1,"27":1,"28":1,"29":1,"30":1,"31":1,"32":1,"33":1,"34":1,"35":1,"36":1,"37":1,"38":1,"39":1,"40":0,"41":0,"42":0,"43":0,"44":0,"45":0,"46":0,"47":0,"48":1,"49":0,"50":0,"51":0,"52":0,"53":0,"54":0,"55":0,"56":0,"57":0,"58":1,"59":0,"60":0,"61":0,"62":0,"63":0,"64":0},"b":{"1":[0,0],"2":[0,0],"3":[0,0],"4":[0,0],"5":[0,0],"6":[0,0],"7":[0,0],"8":[0,0,0],"9":[0,0],"10":[0,0]},"f":{"1":0,"2":0,"3":0},"fnMap":{"1":{"name":"(anonymous_1)","line":61,"loc":{"start":{"line":61,"column":26},"end":{"line":61,"column":44}}},"2":{"name":"(anonymous_2)","line":72,"loc":{"start":{"line":72,"column":21},"end":{"line":72,"column":44}}},"3":{"name":"(anonymous_3)","line":88,"loc":{"start":{"line":88,"column":37},"end":{"line":88,"column":60}}}},"statementMap":{"1":{"start":{"line":1,"column":0},"end":{"line":1,"column":27}},"2":{"start":{"line":3,"column":0},"end":{"line":11,"column":2}},"3":{"start":{"line":13,"column":0},"end":{"line":13,"column":81}},"4":{"start":{"line":14,"column":0},"end":{"line":14,"column":69}},"5":{"start":{"line":15,"column":0},"end":{"line":15,"column":81}},"6":{"start":{"line":16,"column":0},"end":{"line":16,"column":111}},"7":{"start":{"line":17,"column":0},"end":{"line":17,"column":75}},"8":{"start":{"line":18,"column":0},"end":{"line":18,"column":55}},"9":{"start":{"line":19,"column":0},"end":{"line":19,"column":76}},"10":{"start":{"line":20,"column":0},"end":{"line":20,"column":67}},"11":{"start":{"line":21,"column":0},"end":{"line":21,"column":51}},"12":{"start":{"line":22,"column":0},"end":{"line":23,"column":82}},"13":{"start":{"line":24,"column":0},"end":{"line":24,"column":81}},"14":{"start":{"line":25,"column":0},"end":{"line":25,"column":77}},"15":{"start":{"line":26,"column":0},"end":{"line":26,"column":90}},"16":{"start":{"line":27,"column":0},"end":{"line":27,"column":102}},"17":{"start":{"line":28,"column":0},"end":{"line":28,"column":81}},"18":{"start":{"line":29,"column":0},"end":{"line":29,"column":93}},"19":{"start":{"line":30,"column":0},"end":{"line":30,"column":50}},"20":{"start":{"line":31,"column":0},"end":{"line":31,"column":87}},"21":{"start":{"line":32,"column":0},"end":{"line":32,"column":84}},"22":{"start":{"line":33,"column":0},"end":{"line":33,"column":75}},"23":{"start":{"line":35,"column":0},"end":{"line":37,"column":2}},"24":{"start":{"line":38,"column":0},"end":{"line":38,"column":125}},"25":{"start":{"line":39,"column":0},"end":{"line":39,"column":117}},"26":{"start":{"line":40,"column":0},"end":{"line":40,"column":113}},"27":{"start":{"line":41,"column":0},"end":{"line":41,"column":57}},"28":{"start":{"line":42,"column":0},"end":{"line":42,"column":66}},"29":{"start":{"line":43,"column":0},"end":{"line":43,"column":103}},"30":{"start":{"line":45,"column":0},"end":{"line":47,"column":2}},"31":{"start":{"line":48,"column":0},"end":{"line":48,"column":115}},"32":{"start":{"line":49,"column":0},"end":{"line":49,"column":111}},"33":{"start":{"line":50,"column":0},"end":{"line":50,"column":107}},"34":{"start":{"line":51,"column":0},"end":{"line":51,"column":113}},"35":{"start":{"line":52,"column":0},"end":{"line":52,"column":103}},"36":{"start":{"line":53,"column":0},"end":{"line":53,"column":119}},"37":{"start":{"line":57,"column":0},"end":{"line":57,"column":64}},"38":{"start":{"line":60,"column":0},"end":{"line":60,"column":39}},"39":{"start":{"line":61,"column":0},"end":{"line":70,"column":2}},"40":{"start":{"line":62,"column":2},"end":{"line":62,"column":93}},"41":{"start":{"line":62,"column":35},"end":{"line":62,"column":93}},"42":{"start":{"line":63,"column":2},"end":{"line":63,"column":36}},"43":{"start":{"line":65,"column":2},"end":{"line":68,"column":3}},"44":{"start":{"line":66,"column":4},"end":{"line":66,"column":24}},"45":{"start":{"line":67,"column":4},"end":{"line":67,"column":23}},"46":{"start":{"line":69,"column":2},"end":{"line":69,"column":18}},"47":{"start":{"line":69,"column":10},"end":{"line":69,"column":18}},"48":{"start":{"line":72,"column":0},"end":{"line":86,"column":1}},"49":{"start":{"line":73,"column":2},"end":{"line":80,"column":3}},"50":{"start":{"line":74,"column":4},"end":{"line":74,"column":40}},"51":{"start":{"line":76,"column":4},"end":{"line":78,"column":5}},"52":{"start":{"line":77,"column":6},"end":{"line":77,"column":28}},"53":{"start":{"line":79,"column":4},"end":{"line":79,"column":53}},"54":{"start":{"line":81,"column":2},"end":{"line":84,"column":3}},"55":{"start":{"line":82,"column":4},"end":{"line":82,"column":43}},"56":{"start":{"line":83,"column":4},"end":{"line":83,"column":24}},"57":{"start":{"line":85,"column":2},"end":{"line":85,"column":13}},"58":{"start":{"line":88,"column":0},"end":{"line":95,"column":2}},"59":{"start":{"line":89,"column":2},"end":{"line":89,"column":67}},"60":{"start":{"line":90,"column":2},"end":{"line":90,"column":74}},"61":{"start":{"line":91,"column":2},"end":{"line":91,"column":48}},"62":{"start":{"line":92,"column":2},"end":{"line":92,"column":35}},"63":{"start":{"line":93,"column":2},"end":{"line":93,"column":78}},"64":{"start":{"line":94,"column":2},"end":{"line":94,"column":13}}},"branchMap":{"1":{"line":62,"type":"if","locations":[{"start":{"line":62,"column":2},"end":{"line":62,"column":2}},{"start":{"line":62,"column":2},"end":{"line":62,"column":2}}]},"2":{"line":65,"type":"if","locations":[{"start":{"line":65,"column":2},"end":{"line":65,"column":2}},{"start":{"line":65,"column":2},"end":{"line":65,"column":2}}]},"3":{"line":65,"type":"binary-expr","locations":[{"start":{"line":65,"column":6},"end":{"line":65,"column":9}},{"start":{"line":65,"column":13},"end":{"line":65,"column":26}}]},"4":{"line":69,"type":"if","locations":[{"start":{"line":69,"column":2},"end":{"line":69,"column":2}},{"start":{"line":69,"column":2},"end":{"line":69,"column":2}}]},"5":{"line":73,"type":"if","locations":[{"start":{"line":73,"column":2},"end":{"line":73,"column":2}},{"start":{"line":73,"column":2},"end":{"line":73,"column":2}}]},"6":{"line":76,"type":"if","locations":[{"start":{"line":76,"column":4},"end":{"line":76,"column":4}},{"start":{"line":76,"column":4},"end":{"line":76,"column":4}}]},"7":{"line":81,"type":"if","locations":[{"start":{"line":81,"column":2},"end":{"line":81,"column":2}},{"start":{"line":81,"column":2},"end":{"line":81,"column":2}}]},"8":{"line":82,"type":"binary-expr","locations":[{"start":{"line":82,"column":18},"end":{"line":82,"column":21}},{"start":{"line":82,"column":25},"end":{"line":82,"column":34}},{"start":{"line":82,"column":38},"end":{"line":82,"column":41}}]},"9":{"line":89,"type":"cond-expr","locations":[{"start":{"line":89,"column":55},"end":{"line":89,"column":56}},{"start":{"line":89,"column":59},"end":{"line":89,"column":66}}]},"10":{"line":91,"type":"binary-expr","locations":[{"start":{"line":91,"column":19},"end":{"line":91,"column":28}},{"start":{"line":91,"column":32},"end":{"line":91,"column":34}}]}},"code":["var util = require('util');","","var exports = module.exports = {","  helpers: {","    generateClass: require('./lib/helpers/class-generator')","  },","  middleware: {","    errorHandler: require('./lib/middleware/errorHandler'),","    crashProtector: require('./lib/middleware/crashProtector')","  }","};","","exports.AlreadyInUseError = exports.AlreadyInUse = require('./lib/alreadyInUse');","exports.ArgumentError = exports.Argument = require('./lib/argument');","exports.ArgumentNullError = exports.ArgumentNull = require('./lib/argumentNull');","exports.AuthenticationRequiredError = exports.AuthenticationRequired = require('./lib/authenticationRequired');","exports.ConnectionError = exports.helpers.generateClass('ConnectionError');","exports.Error = exports.helpers.generateClass('Error');","exports.HttpStatusError = exports.HttpStatus = require('./lib/http-status');","exports.InvalidOperationError = require('./lib/invalid-operation');","exports.NotFoundError = require('./lib/not-found');","exports.NotImplementedError = exports.helpers.generateClass('NotImplementedError'),","exports.NotSupportedError = exports.NotSupported = require('./lib/not-supported');","exports.NotPermittedError = exports.NotPermitted = require('./lib/notPermitted');","exports.OutOfMemoryError = exports.helpers.generateClass('OutOfMemoryError');","exports.RangeError = exports.helpers.generateClass('RangeError', { extends: RangeError });","exports.ReferenceError = exports.helpers.generateClass('ReferenceError', { extends: ReferenceError });","exports.StackOverflowError = exports.helpers.generateClass('StackOverflowError');","exports.SyntaxError = exports.helpers.generateClass('SyntaxError', { extends: SyntaxError });","exports.TimeoutError = require('./lib/timeout.js')","exports.TypeError = exports.helpers.generateClass('TypeError', { extends: TypeError });","exports.URIError = exports.helpers.generateClass('URIError', { extends: URIError });","exports.ValidationError = exports.Validation = require('./lib/validation');","","exports.io = {","  IOError: require('./lib/io/io')","};","exports.io.DirectoryNotFoundError = exports.helpers.generateClass('DirectoryNotFoundError', { extends: exports.io.IOError });","exports.io.DriveNotFoundError = exports.helpers.generateClass('DriveNotFoundError', { extends: exports.io.IOError });","exports.io.EndOfStreamError = exports.helpers.generateClass('EndOfStreamError', { extends: exports.io.IOError });","exports.io.FileLoadError = require('./lib/io/file-load');","exports.io.FileNotFoundError = require('./lib/io/file-not-found');","exports.io.SocketError = exports.helpers.generateClass('SocketError', { extends: exports.io.IOError });","","exports.data = {","  DataError: require('./lib/data/data')","};","exports.data.MemcachedError = exports.helpers.generateClass('MemcachedError', { extends: exports.data.DataError });","exports.data.MongoDBError = exports.helpers.generateClass('MongoDBError', { extends: exports.data.DataError });","exports.data.RedisError = exports.helpers.generateClass('RedisError', { extends: exports.data.DataError });","exports.data.RollbackError = exports.helpers.generateClass('RollbackError', { extends: exports.data.DataError });","exports.data.SQLError = exports.helpers.generateClass('SQLError', { extends: exports.data.DataError });","exports.data.TransactionError = exports.helpers.generateClass('TransactionError', { extends: exports.data.DataError });","","","","exports.Generic = exports.helpers.generateClass('GenericError'); //deprecated","","","var logErrorDeprecationWarning = false;","module.exports.logError = function(err, cb) {","  if (!logErrorDeprecationWarning) console.warn(\"logError is deprecated.  Use log instead.\");","  logErrorDeprecationWarning = true;","","  if (err && !err.isLogged) {","    err.isLogged = true;","    console.error(err);","  }","  if (cb) cb(err);","};","","module.exports.log = function(err, message) {","  if (typeof err == 'string') {","    err = new module.exports.Error(err);","  } else {","    if (message) {","      err.message = message;","    }","    err = module.exports.prependCurrentStack(err, 3);","  }","  if (err) {","    console.error(err && err.stack || err);","    err.isLogged = true;","  }","  return err;","}","","module.exports.prependCurrentStack = function(err, offset_) {","  var linesToSkip = (typeof offset_ === 'undefined') ? 2 : offset_;","  var stackToPrepend = (new Error()).stack.split(\"\\n\").slice(linesToSkip);","  var mainStack = (err.stack || '').split(\"\\n\");","  var errTitle = mainStack.shift();","  err.stack = [errTitle].concat(stackToPrepend, \"====\", mainStack).join(\"\\n\");","  return err;","};"],"l":{"1":1,"3":1,"13":1,"14":1,"15":1,"16":1,"17":1,"18":1,"19":1,"20":1,"21":1,"22":1,"24":1,"25":1,"26":1,"27":1,"28":1,"29":1,"30":1,"31":1,"32":1,"33":1,"35":1,"38":1,"39":1,"40":1,"41":1,"42":1,"43":1,"45":1,"48":1,"49":1,"50":1,"51":1,"52":1,"53":1,"57":1,"60":1,"61":1,"62":0,"63":0,"65":0,"66":0,"67":0,"69":0,"72":1,"73":0,"74":0,"76":0,"77":0,"79":0,"81":0,"82":0,"83":0,"85":0,"88":1,"89":0,"90":0,"91":0,"92":0,"93":0,"94":0}},"/home/travis/build/npmtest/node-npmtest-common-errors/node_modules/common-errors/lib/helpers/class-generator.js":{"path":"/home/travis/build/npmtest/node-npmtest-common-errors/node_modules/common-errors/lib/helpers/class-generator.js","s":{"1":1,"2":1,"3":1,"4":35,"5":35,"6":0,"7":35,"8":35,"9":35,"10":35,"11":35,"12":35,"13":35,"14":0,"15":0,"16":0,"17":0,"18":0,"19":0,"20":0,"21":0,"22":0,"23":0,"24":35,"25":35,"26":35,"27":35,"28":35,"29":0,"30":0,"31":0,"32":35,"33":35,"34":35,"35":1,"36":109,"37":0,"38":1,"39":35,"40":0,"41":35,"42":74},"b":{"1":[35,8],"2":[0,35],"3":[35,17,17],"4":[35,23],"5":[35,24],"6":[0,35],"7":[0,0],"8":[0,0],"9":[0,0],"10":[0,0],"11":[35,0],"12":[0,109],"13":[109,109],"14":[0,0],"15":[0,35],"16":[35,35]},"f":{"1":35,"2":0,"3":0,"4":109,"5":35},"fnMap":{"1":{"name":"generateErrorClass","line":4,"loc":{"start":{"line":4,"column":17},"end":{"line":4,"column":59}}},"2":{"name":"classConstructor","line":15,"loc":{"start":{"line":15,"column":25},"end":{"line":15,"column":52}}},"3":{"name":"captureStackTrace","line":45,"loc":{"start":{"line":45,"column":28},"end":{"line":45,"column":74}}},"4":{"name":"validateInput","line":54,"loc":{"start":{"line":54,"column":20},"end":{"line":54,"column":47}}},"5":{"name":"validateArrayInput","line":57,"loc":{"start":{"line":57,"column":25},"end":{"line":57,"column":59}}}},"statementMap":{"1":{"start":{"line":1,"column":0},"end":{"line":1,"column":27}},"2":{"start":{"line":2,"column":0},"end":{"line":2,"column":49}},"3":{"start":{"line":4,"column":0},"end":{"line":52,"column":1}},"4":{"start":{"line":5,"column":2},"end":{"line":5,"column":26}},"5":{"start":{"line":6,"column":2},"end":{"line":6,"column":100}},"6":{"start":{"line":6,"column":23},"end":{"line":6,"column":100}},"7":{"start":{"line":7,"column":2},"end":{"line":7,"column":65}},"8":{"start":{"line":8,"column":2},"end":{"line":8,"column":60}},"9":{"start":{"line":9,"column":2},"end":{"line":9,"column":60}},"10":{"start":{"line":10,"column":2},"end":{"line":10,"column":65}},"11":{"start":{"line":12,"column":2},"end":{"line":12,"column":22}},"12":{"start":{"line":13,"column":2},"end":{"line":13,"column":35}},"13":{"start":{"line":15,"column":2},"end":{"line":26,"column":4}},"14":{"start":{"line":16,"column":4},"end":{"line":16,"column":28}},"15":{"start":{"line":17,"column":4},"end":{"line":17,"column":61}},"16":{"start":{"line":17,"column":31},"end":{"line":17,"column":61}},"17":{"start":{"line":19,"column":4},"end":{"line":19,"column":26}},"18":{"start":{"line":20,"column":4},"end":{"line":22,"column":5}},"19":{"start":{"line":21,"column":6},"end":{"line":21,"column":43}},"20":{"start":{"line":23,"column":4},"end":{"line":23,"column":21}},"21":{"start":{"line":24,"column":4},"end":{"line":24,"column":67}},"22":{"start":{"line":24,"column":29},"end":{"line":24,"column":67}},"23":{"start":{"line":25,"column":4},"end":{"line":25,"column":41}},"24":{"start":{"line":28,"column":2},"end":{"line":38,"column":14}},"25":{"start":{"line":39,"column":2},"end":{"line":39,"column":49}},"26":{"start":{"line":41,"column":2},"end":{"line":41,"column":40}},"27":{"start":{"line":43,"column":2},"end":{"line":43,"column":60}},"28":{"start":{"line":45,"column":2},"end":{"line":48,"column":3}},"29":{"start":{"line":46,"column":4},"end":{"line":46,"column":48}},"30":{"start":{"line":47,"column":4},"end":{"line":47,"column":120}},"31":{"start":{"line":47,"column":53},"end":{"line":47,"column":120}},"32":{"start":{"line":50,"column":2},"end":{"line":50,"column":41}},"33":{"start":{"line":50,"column":24},"end":{"line":50,"column":41}},"34":{"start":{"line":51,"column":2},"end":{"line":51,"column":15}},"35":{"start":{"line":54,"column":0},"end":{"line":56,"column":1}},"36":{"start":{"line":55,"column":2},"end":{"line":55,"column":162}},"37":{"start":{"line":55,"column":55},"end":{"line":55,"column":162}},"38":{"start":{"line":57,"column":0},"end":{"line":60,"column":1}},"39":{"start":{"line":58,"column":2},"end":{"line":58,"column":110}},"40":{"start":{"line":58,"column":38},"end":{"line":58,"column":110}},"41":{"start":{"line":59,"column":2},"end":{"line":59,"column":62}},"42":{"start":{"line":59,"column":38},"end":{"line":59,"column":62}}},"branchMap":{"1":{"line":5,"type":"binary-expr","locations":[{"start":{"line":5,"column":12},"end":{"line":5,"column":19}},{"start":{"line":5,"column":23},"end":{"line":5,"column":25}}]},"2":{"line":6,"type":"if","locations":[{"start":{"line":6,"column":2},"end":{"line":6,"column":2}},{"start":{"line":6,"column":2},"end":{"line":6,"column":2}}]},"3":{"line":7,"type":"binary-expr","locations":[{"start":{"line":7,"column":20},"end":{"line":7,"column":35}},{"start":{"line":7,"column":39},"end":{"line":7,"column":55}},{"start":{"line":7,"column":59},"end":{"line":7,"column":64}}]},"4":{"line":8,"type":"binary-expr","locations":[{"start":{"line":8,"column":17},"end":{"line":8,"column":29}},{"start":{"line":8,"column":33},"end":{"line":8,"column":59}}]},"5":{"line":9,"type":"binary-expr","locations":[{"start":{"line":9,"column":28},"end":{"line":9,"column":51}},{"start":{"line":9,"column":55},"end":{"line":9,"column":59}}]},"6":{"line":10,"type":"cond-expr","locations":[{"start":{"line":10,"column":52},"end":{"line":10,"column":57}},{"start":{"line":10,"column":60},"end":{"line":10,"column":64}}]},"7":{"line":17,"type":"if","locations":[{"start":{"line":17,"column":4},"end":{"line":17,"column":4}},{"start":{"line":17,"column":4},"end":{"line":17,"column":4}}]},"8":{"line":24,"type":"if","locations":[{"start":{"line":24,"column":4},"end":{"line":24,"column":4}},{"start":{"line":24,"column":4},"end":{"line":24,"column":4}}]},"9":{"line":47,"type":"if","locations":[{"start":{"line":47,"column":4},"end":{"line":47,"column":4}},{"start":{"line":47,"column":4},"end":{"line":47,"column":4}}]},"10":{"line":47,"type":"binary-expr","locations":[{"start":{"line":47,"column":7},"end":{"line":47,"column":24}},{"start":{"line":47,"column":28},"end":{"line":47,"column":51}}]},"11":{"line":50,"type":"if","locations":[{"start":{"line":50,"column":2},"end":{"line":50,"column":2}},{"start":{"line":50,"column":2},"end":{"line":50,"column":2}}]},"12":{"line":55,"type":"if","locations":[{"start":{"line":55,"column":2},"end":{"line":55,"column":2}},{"start":{"line":55,"column":2},"end":{"line":55,"column":2}}]},"13":{"line":55,"type":"binary-expr","locations":[{"start":{"line":55,"column":5},"end":{"line":55,"column":27}},{"start":{"line":55,"column":31},"end":{"line":55,"column":53}}]},"14":{"line":55,"type":"binary-expr","locations":[{"start":{"line":55,"column":103},"end":{"line":55,"column":106}},{"start":{"line":55,"column":110},"end":{"line":55,"column":112}}]},"15":{"line":58,"type":"if","locations":[{"start":{"line":58,"column":2},"end":{"line":58,"column":2}},{"start":{"line":58,"column":2},"end":{"line":58,"column":2}}]},"16":{"line":58,"type":"binary-expr","locations":[{"start":{"line":58,"column":5},"end":{"line":58,"column":11}},{"start":{"line":58,"column":15},"end":{"line":58,"column":36}}]}},"code":["var util = require('util');","var globalize = require('../internal/globalize');","","module.exports = function generateErrorClass(name, options){","  options = options || {};","  if(options.subclass) console.warn(\"options.subclass is deprecated. use options.extends instead.\");","  options.extends = options.extends || options.subclass || Error;","  options.args = options.args || ['message', 'inner_error'];","  options.generateMessage = options.generateMessage || null;","  options.globalize = options.globalize === false ? false : true;","","  validateInput(name);","  validateArrayInput(options.args);","","  var classConstructor = function classConstructor(){","    Class.super_.call(this);","    if(this.global_initialize) this.global_initialize(Class);","","    this.args = arguments;","    for(var i = 0; i<options.args.length; i++){","      this[options.args[i]] = arguments[i];","    }","    this.name = name;","    if(this.generateMessage) this.message = this.generateMessage();","    Class.captureStackTrace(this, Class);","  };","","  var classGeneratorFn = new Function('classConstructor', [","    \"return function \", name, \"(\", options.args.join(', '), \"){\",","      \"if(!(this instanceof \", name, \")) {\",","        \"var instance = Object.create(\", name, \".prototype);\",","        \"classConstructor.apply(instance, arguments);\",","        \"return instance;\",","      \"} else {\",","        \"classConstructor.apply(this, arguments);\",","      \"}\",","    \"};\",","  ].join(''));","  var Class = classGeneratorFn(classConstructor);","","  util.inherits(Class, options.extends);","","  Class.prototype.generateMessage = options.generateMessage;","","  Class.captureStackTrace = function captureStackTrace(error, error_class){","    Error.captureStackTrace(error, error_class);","    if(error.inner_error && error.inner_error.stack) error.stack += \"\\n--- inner error ---\\n\" + error.inner_error.stack;","  }","","  if(options.globalize) globalize(Class);","  return Class;","}","","var validateInput = function validateInput(str){","  if(typeof str != 'string' || !/^[\\-\\w]+$/.test(str)) throw new Error(\"Unsafe or invalid string '\" + (str || '').toString() + \"' used to generate Error class.\");","}","var validateArrayInput = function validateArrayInput(array){","  if(!array || !Array.isArray(array)) throw new Error(\"Unsafe or invalid args used to generate Error class.\");","  for(var i = 0; i<array.length; i++) validateInput(array[i]);","}"],"l":{"1":1,"2":1,"4":1,"5":35,"6":35,"7":35,"8":35,"9":35,"10":35,"12":35,"13":35,"15":35,"16":0,"17":0,"19":0,"20":0,"21":0,"23":0,"24":0,"25":0,"28":35,"39":35,"41":35,"43":35,"45":35,"46":0,"47":0,"50":35,"51":35,"54":1,"55":109,"57":1,"58":35,"59":74}},"/home/travis/build/npmtest/node-npmtest-common-errors/node_modules/common-errors/lib/internal/globalize.js":{"path":"/home/travis/build/npmtest/node-npmtest-common-errors/node_modules/common-errors/lib/internal/globalize.js","s":{"1":1,"2":1,"3":1,"4":1,"5":35,"6":35,"7":35,"8":35,"9":0,"10":0,"11":0,"12":0},"b":{"1":[1,1],"2":[35,35],"3":[35,22]},"f":{"1":35,"2":0},"fnMap":{"1":{"name":"global_extend","line":5,"loc":{"start":{"line":5,"column":17},"end":{"line":5,"column":47}}},"2":{"name":"global_initialize","line":9,"loc":{"start":{"line":9,"column":75},"end":{"line":9,"column":108}}}},"statementMap":{"1":{"start":{"line":1,"column":0},"end":{"line":1,"column":27}},"2":{"start":{"line":2,"column":0},"end":{"line":2,"column":36}},"3":{"start":{"line":3,"column":0},"end":{"line":3,"column":52}},"4":{"start":{"line":5,"column":0},"end":{"line":16,"column":1}},"5":{"start":{"line":6,"column":2},"end":{"line":6,"column":49}},"6":{"start":{"line":7,"column":2},"end":{"line":7,"column":84}},"7":{"start":{"line":8,"column":2},"end":{"line":8,"column":72}},"8":{"start":{"line":9,"column":2},"end":{"line":15,"column":4}},"9":{"start":{"line":10,"column":4},"end":{"line":10,"column":63}},"10":{"start":{"line":11,"column":4},"end":{"line":14,"column":5}},"11":{"start":{"line":12,"column":6},"end":{"line":12,"column":36}},"12":{"start":{"line":13,"column":6},"end":{"line":13,"column":64}}},"branchMap":{"1":{"line":3,"type":"binary-expr","locations":[{"start":{"line":3,"column":34},"end":{"line":3,"column":45}},{"start":{"line":3,"column":49},"end":{"line":3,"column":51}}]},"2":{"line":7,"type":"binary-expr","locations":[{"start":{"line":7,"column":49},"end":{"line":7,"column":74}},{"start":{"line":7,"column":78},"end":{"line":7,"column":83}}]},"3":{"line":9,"type":"binary-expr","locations":[{"start":{"line":9,"column":38},"end":{"line":9,"column":71}},{"start":{"line":9,"column":75},"end":{"line":15,"column":3}}]}},"code":["var util = require('util');","var key = \"__COMMON-ERRORS-TYPES__\";","var global_errors = global[key] = global[key] || {};","","module.exports = function global_extend(Class) {","  Class.__original_prototype__ = Class.prototype;","  var global_class = global_errors[Class.name] = global_errors[Class.name] || Class;","  Class.prototype = Class.__global_prototype__ = global_class.prototype;","  Class.prototype.global_initialize = Class.prototype.global_initialize || function global_initialize(Class){","    var proto_keys = Object.keys(Class.__original_prototype__);","    for(var i = 0; i<proto_keys.length; i++) {","      var proto_key = proto_keys[i];","      this[proto_key] = Class.__original_prototype__[proto_key];","    }","  };","}"],"l":{"1":1,"2":1,"3":1,"5":1,"6":35,"7":35,"8":35,"9":35,"10":0,"11":0,"12":0,"13":0}},"/home/travis/build/npmtest/node-npmtest-common-errors/node_modules/common-errors/lib/middleware/errorHandler.js":{"path":"/home/travis/build/npmtest/node-npmtest-common-errors/node_modules/common-errors/lib/middleware/errorHandler.js","s":{"1":1,"2":1,"3":0,"4":0,"5":0,"6":0,"7":0,"8":0,"9":0,"10":0,"11":0},"b":{"1":[0,0],"2":[0,0],"3":[0,0]},"f":{"1":0},"fnMap":{"1":{"name":"errorHandler","line":3,"loc":{"start":{"line":3,"column":17},"end":{"line":3,"column":59}}}},"statementMap":{"1":{"start":{"line":1,"column":0},"end":{"line":1,"column":48}},"2":{"start":{"line":3,"column":0},"end":{"line":16,"column":1}},"3":{"start":{"line":4,"column":2},"end":{"line":7,"column":3}},"4":{"start":{"line":5,"column":4},"end":{"line":6,"column":26}},"5":{"start":{"line":5,"column":13},"end":{"line":5,"column":27}},"6":{"start":{"line":6,"column":9},"end":{"line":6,"column":26}},"7":{"start":{"line":9,"column":2},"end":{"line":9,"column":38}},"8":{"start":{"line":10,"column":2},"end":{"line":13,"column":3}},"9":{"start":{"line":11,"column":4},"end":{"line":11,"column":29}},"10":{"start":{"line":12,"column":4},"end":{"line":12,"column":51}},"11":{"start":{"line":15,"column":2},"end":{"line":15,"column":48}}},"branchMap":{"1":{"line":4,"type":"if","locations":[{"start":{"line":4,"column":2},"end":{"line":4,"column":2}},{"start":{"line":4,"column":2},"end":{"line":4,"column":2}}]},"2":{"line":5,"type":"if","locations":[{"start":{"line":5,"column":4},"end":{"line":5,"column":4}},{"start":{"line":5,"column":4},"end":{"line":5,"column":4}}]},"3":{"line":10,"type":"if","locations":[{"start":{"line":10,"column":2},"end":{"line":10,"column":2}},{"start":{"line":10,"column":2},"end":{"line":10,"column":2}}]}},"code":["var HttpStatusError = require('../http-status');","","module.exports = function errorHandler(err, req, res, next){","  if(!err) {","    if(next) return next();","    else return res.end();","  }","","  err = new HttpStatusError(err, req);","  if(err.status_code >= 500) {","    console.error(err.stack);","    err.message = HttpStatusError.message_map[500]; //hide the real error from user agent.","  }","","  res.status(err.status_code).send(err.message);","}",""],"l":{"1":1,"3":1,"4":0,"5":0,"6":0,"9":0,"10":0,"11":0,"12":0,"15":0}},"/home/travis/build/npmtest/node-npmtest-common-errors/node_modules/common-errors/lib/http-status.js":{"path":"/home/travis/build/npmtest/node-npmtest-common-errors/node_modules/common-errors/lib/http-status.js","s":{"1":1,"2":1,"3":1,"4":1,"5":0,"6":0,"7":0,"8":0,"9":0,"10":0,"11":0,"12":0,"13":0,"14":0,"15":0,"16":0,"17":0,"18":0,"19":0,"20":0,"21":0,"22":0,"23":0,"24":0,"25":0,"26":0,"27":0,"28":0,"29":0,"30":0,"31":0,"32":0,"33":1,"34":1,"35":0,"36":0,"37":0,"38":0,"39":0,"40":0,"41":0,"42":1,"43":1,"44":62,"45":1},"b":{"1":[0,0],"2":[0,0],"3":[0,0],"4":[0,0],"5":[0,0,0],"6":[0,0],"7":[0,0],"8":[0,0],"9":[0,0],"10":[0,0],"11":[0,0],"12":[0,0],"13":[0,0],"14":[0,0],"15":[0,0,0],"16":[0,0,0],"17":[0,0,0,0],"18":[0,0],"19":[0,0,0]},"f":{"1":0,"2":0,"3":62},"fnMap":{"1":{"name":"HttpStatusError","line":6,"loc":{"start":{"line":6,"column":39},"end":{"line":6,"column":86}}},"2":{"name":"(anonymous_2)","line":49,"loc":{"start":{"line":49,"column":23},"end":{"line":49,"column":41}}},"3":{"name":"(anonymous_3)","line":64,"loc":{"start":{"line":64,"column":39},"end":{"line":64,"column":52}}}},"statementMap":{"1":{"start":{"line":1,"column":0},"end":{"line":1,"column":27}},"2":{"start":{"line":2,"column":0},"end":{"line":2,"column":27}},"3":{"start":{"line":4,"column":0},"end":{"line":4,"column":86}},"4":{"start":{"line":6,"column":0},"end":{"line":41,"column":1}},"5":{"start":{"line":7,"column":2},"end":{"line":11,"column":3}},"6":{"start":{"line":8,"column":4},"end":{"line":8,"column":60}},"7":{"start":{"line":9,"column":4},"end":{"line":9,"column":47}},"8":{"start":{"line":10,"column":4},"end":{"line":10,"column":20}},"9":{"start":{"line":13,"column":2},"end":{"line":32,"column":3}},"10":{"start":{"line":15,"column":4},"end":{"line":15,"column":20}},"11":{"start":{"line":16,"column":4},"end":{"line":16,"column":26}},"12":{"start":{"line":17,"column":4},"end":{"line":17,"column":20}},"13":{"start":{"line":18,"column":9},"end":{"line":32,"column":3}},"14":{"start":{"line":19,"column":4},"end":{"line":19,"column":26}},"15":{"start":{"line":20,"column":4},"end":{"line":20,"column":22}},"16":{"start":{"line":21,"column":4},"end":{"line":21,"column":87}},"17":{"start":{"line":22,"column":4},"end":{"line":29,"column":5}},"18":{"start":{"line":23,"column":6},"end":{"line":23,"column":39}},"19":{"start":{"line":24,"column":6},"end":{"line":27,"column":7}},"20":{"start":{"line":25,"column":8},"end":{"line":25,"column":30}},"21":{"start":{"line":26,"column":8},"end":{"line":26,"column":38}},"22":{"start":{"line":28,"column":6},"end":{"line":28,"column":39}},"23":{"start":{"line":30,"column":4},"end":{"line":30,"column":26}},"24":{"
[...]
pe":"if","locations":[{"start":{"line":8,"column":6},"end":{"line":8,"column":6}},{"start":{"line":8,"column":6},"end":{"line":8,"column":6}}]},"2":{"line":8,"type":"binary-expr","locations":[{"start":{"line":8,"column":9},"end":{"line":8,"column":21}},{"start":{"line":8,"column":25},"end":{"line":8,"column":57}}]},"3":{"line":9,"type":"binary-expr","locations":[{"start":{"line":9,"column":22},"end":{"line":9,"column":25}},{"start":{"line":9,"column":29},"end":{"line":9,"column":38}}]},"4":{"line":12,"type":"if","locations":[{"start":{"line":12,"column":6},"end":{"line":12,"column":6}},{"start":{"line":12,"column":6},"end":{"line":12,"column":6}}]},"5":{"line":25,"type":"if","locations":[{"start":{"line":25,"column":6},"end":{"line":25,"column":6}},{"start":{"line":25,"column":6},"end":{"line":25,"column":6}}]},"6":{"line":25,"type":"binary-expr","locations":[{"start":{"line":25,"column":9},"end":{"line":25,"column":20}},{"start":{"line":25,"column":24},"end":{"line":25,"column":53}}]},"7":{"line":28,"type":"if","locations":[{"start":{"line":28,"column":13},"end":{"line":28,"column":13}},{"start":{"line":28,"column":13},"end":{"line":28,"column":13}}]}},"code":["module.exports = function (errorHandler){","  return function crashProtector(req, res, next) {","    var domain = require('domain'); //require only if needed, because \"Due to their experimental nature, the Domains features are disabled unless the domain module is loaded at least once.\"","    var d = domain.create();","    d.on('error', function(err){ ","      console.error(\"Fatal crash protected!\");","      d.dispose();","      if(res.finished || Object.keys(res._headers).length) {","        console.error(err && err.stack);","        return res.end();","      } ","      if(errorHandler) errorHandler(err, req, res);","      else next(err);","    });","    d.run(next);","  }","}","","var findErrorHandler = function(app){","  try {","    var errorHandler;","    var foundRouter = false;","    for(var i=0; i<app.stack; i++){","      var middleware = app.stack[i];","      if(foundRouter && middleware.handle.length >= 4) {","        errorHandler = middleware;","        break;","      } else if(app.router === middleware.handle) foundRouter = true;","    }","    return errorHandler;","  } catch(e) {","    console.error(\"Crash protector error\", e);","  }","}"],"l":{"1":1,"2":0,"3":0,"4":0,"5":0,"6":0,"7":0,"8":0,"9":0,"10":0,"12":0,"13":0,"15":0,"19":1,"20":0,"21":0,"22":0,"23":0,"24":0,"25":0,"26":0,"27":0,"28":0,"30":0,"32":0}},"/home/travis/build/npmtest/node-npmtest-common-errors/node_modules/common-errors/lib/alreadyInUse.js":{"path":"/home/travis/build/npmtest/node-npmtest-common-errors/node_modules/common-errors/lib/alreadyInUse.js","s":{"1":1,"2":1,"3":0,"4":0},"b":{},"f":{"1":0},"fnMap":{"1":{"name":"(anonymous_1)","line":4,"loc":{"start":{"line":4,"column":19},"end":{"line":4,"column":29}}}},"statementMap":{"1":{"start":{"line":1,"column":0},"end":{"line":1,"column":57}},"2":{"start":{"line":2,"column":0},"end":{"line":8,"column":2}},"3":{"start":{"line":5,"column":4},"end":{"line":5,"column":56}},"4":{"start":{"line":6,"column":4},"end":{"line":6,"column":102}}},"branchMap":{},"code":["var generateClass = require('./helpers/class-generator');","module.exports = generateClass(\"AlreadyInUseError\", {","  args: ['entity_name', 'arg1', 'arg2', 'arg3', 'arg4'],","  generateMessage: function(){","    var args = Array.prototype.slice.call(this.args, 1);","    return \"The specified '\" + this.entity_name + \"' value is already in use for: \" + args.join(', ');","  }","})",""],"l":{"1":1,"2":1,"5":0,"6":0}},"/home/travis/build/npmtest/node-npmtest-common-errors/node_modules/common-errors/lib/argument.js":{"path":"/home/travis/build/npmtest/node-npmtest-common-errors/node_modules/common-errors/lib/argument.js","s":{"1":1,"2":1,"3":0},"b":{},"f":{"1":0},"fnMap":{"1":{"name":"(anonymous_1)","line":4,"loc":{"start":{"line":4,"column":19},"end":{"line":4,"column":29}}}},"statementMap":{"1":{"start":{"line":1,"column":0},"end":{"line":1,"column":57}},"2":{"start":{"line":2,"column":0},"end":{"line":7,"column":2}},"3":{"start":{"line":5,"column":4},"end":{"line":5,"column":72}}},"branchMap":{},"code":["var generateClass = require('./helpers/class-generator');","module.exports = generateClass(\"ArgumentError\", {","  args: ['argumentName', 'inner_error'],","  generateMessage: function(){","    return \"Invalid or missing argument supplied: \" + this.argumentName;","  }","})",""],"l":{"1":1,"2":1,"5":0}},"/home/travis/build/npmtest/node-npmtest-common-errors/node_modules/common-errors/lib/argumentNull.js":{"path":"/home/travis/build/npmtest/node-npmtest-common-errors/node_modules/common-errors/lib/argumentNull.js","s":{"1":1,"2":1,"3":0},"b":{},"f":{"1":0},"fnMap":{"1":{"name":"(anonymous_1)","line":5,"loc":{"start":{"line":5,"column":19},"end":{"line":5,"column":29}}}},"statementMap":{"1":{"start":{"line":1,"column":0},"end":{"line":1,"column":57}},"2":{"start":{"line":2,"column":0},"end":{"line":8,"column":2}},"3":{"start":{"line":6,"column":4},"end":{"line":6,"column":52}}},"branchMap":{},"code":["var generateClass = require('./helpers/class-generator');","module.exports = generateClass(\"ArgumentNullError\", {","  args: ['argumentName', 'inner_error'],","  extends: require('./argument'),","  generateMessage: function(){","    return \"Missing argument: \" + this.argumentName;","  }","})",""],"l":{"1":1,"2":1,"6":0}},"/home/travis/build/npmtest/node-npmtest-common-errors/node_modules/common-errors/lib/authenticationRequired.js":{"path":"/home/travis/build/npmtest/node-npmtest-common-errors/node_modules/common-errors/lib/authenticationRequired.js","s":{"1":1,"2":1,"3":0},"b":{},"f":{"1":0},"fnMap":{"1":{"name":"(anonymous_1)","line":4,"loc":{"start":{"line":4,"column":19},"end":{"line":4,"column":29}}}},"statementMap":{"1":{"start":{"line":1,"column":0},"end":{"line":1,"column":57}},"2":{"start":{"line":2,"column":0},"end":{"line":7,"column":2}},"3":{"start":{"line":5,"column":4},"end":{"line":5,"column":97}}},"branchMap":{},"code":["var generateClass = require('./helpers/class-generator');","module.exports = generateClass(\"AuthenticationRequiredError\", {","  args: ['message', 'inner_error'],","  generateMessage: function(){","    return \"An attempt was made to perform an operation without authentication: \" + this.message;","  }","})",""],"l":{"1":1,"2":1,"5":0}},"/home/travis/build/npmtest/node-npmtest-common-errors/node_modules/common-errors/lib/invalid-operation.js":{"path":"/home/travis/build/npmtest/node-npmtest-common-errors/node_modules/common-errors/lib/invalid-operation.js","s":{"1":1,"2":1,"3":0},"b":{},"f":{"1":0},"fnMap":{"1":{"name":"(anonymous_1)","line":4,"loc":{"start":{"line":4,"column":19},"end":{"line":4,"column":29}}}},"statementMap":{"1":{"start":{"line":1,"column":0},"end":{"line":1,"column":57}},"2":{"start":{"line":2,"column":0},"end":{"line":7,"column":2}},"3":{"start":{"line":5,"column":4},"end":{"line":5,"column":48}}},"branchMap":{},"code":["var generateClass = require('./helpers/class-generator');","module.exports = generateClass(\"InvalidOperationError\", {","  args: ['message', 'inner_error'],","  generateMessage: function(){","    return \"Invalid Operation: \" + this.message;","  }","})",""],"l":{"1":1,"2":1,"5":0}},"/home/travis/build/npmtest/node-npmtest-common-errors/node_modules/common-errors/lib/not-found.js":{"path":"/home/travis/build/npmtest/node-npmtest-common-errors/node_modules/common-errors/lib/not-found.js","s":{"1":1,"2":1,"3":0},"b":{},"f":{"1":0},"fnMap":{"1":{"name":"(anonymous_1)","line":4,"loc":{"start":{"line":4,"column":19},"end":{"line":4,"column":29}}}},"statementMap":{"1":{"start":{"line":1,"column":0},"end":{"line":1,"column":57}},"2":{"start":{"line":2,"column":0},"end":{"line":7,"column":2}},"3":{"start":{"line":5,"column":4},"end":{"line":5,"column":51}}},"branchMap":{},"code":["var generateClass = require('./helpers/class-generator');","module.exports = generateClass(\"NotFoundError\", {","  args: ['entity_name', 'inner_error'],","  generateMessage: function(){","    return 'Not Found: \"' + this.entity_name + '\"';","  }","})",""],"l":{"1":1,"2":1,"5":0}},"/home/travis/build/npmtest/node-npmtest-common-errors/node_modules/common-errors/lib/not-supported.js":{"path":"/home/travis/build/npmtest/node-npmtest-common-errors/node_modules/common-errors/lib/not-supported.js","s":{"1":1,"2":1,"3":0},"b":{},"f":{"1":0},"fnMap":{"1":{"name":"(anonymous_1)","line":4,"loc":{"start":{"line":4,"column":19},"end":{"line":4,"column":29}}}},"statementMap":{"1":{"start":{"line":1,"column":0},"end":{"line":1,"column":57}},"2":{"start":{"line":2,"column":0},"end":{"line":7,"column":2}},"3":{"start":{"line":5,"column":4},"end":{"line":5,"column":44}}},"branchMap":{},"code":["var generateClass = require('./helpers/class-generator');","module.exports = generateClass(\"NotSupportedError\", {","  args: ['message', 'inner_error'],","  generateMessage: function(){","    return \"Not Supported: \" + this.message;","  }","})",""],"l":{"1":1,"2":1,"5":0}},"/home/travis/build/npmtest/node-npmtest-common-errors/node_modules/common-errors/lib/notPermitted.js":{"path":"/home/travis/build/npmtest/node-npmtest-common-errors/node_modules/common-errors/lib/notPermitted.js","s":{"1":1,"2":1,"3":0},"b":{},"f":{"1":0},"fnMap":{"1":{"name":"(anonymous_1)","line":4,"loc":{"start":{"line":4,"column":19},"end":{"line":4,"column":29}}}},"statementMap":{"1":{"start":{"line":1,"column":0},"end":{"line":1,"column":57}},"2":{"start":{"line":2,"column":0},"end":{"line":7,"column":2}},"3":{"start":{"line":5,"column":4},"end":{"line":5,"column":96}}},"branchMap":{},"code":["var generateClass = require('./helpers/class-generator');","module.exports = generateClass(\"NotPermittedError\", {","  args: ['message', 'inner_error'],","  generateMessage: function(){","    return \"An attempt was made to perform an operation that is not permitted: \" + this.message;","  }","})",""],"l":{"1":1,"2":1,"5":0}},"/home/travis/build/npmtest/node-npmtest-common-errors/node_modules/common-errors/lib/timeout.js":{"path":"/home/travis/build/npmtest/node-npmtest-common-errors/node_modules/common-errors/lib/timeout.js","s":{"1":1,"2":1,"3":0,"4":0,"5":0},"b":{"1":[0,0]},"f":{"1":0},"fnMap":{"1":{"name":"(anonymous_1)","line":4,"loc":{"start":{"line":4,"column":19},"end":{"line":4,"column":29}}}},"statementMap":{"1":{"start":{"line":1,"column":0},"end":{"line":1,"column":57}},"2":{"start":{"line":2,"column":0},"end":{"line":8,"column":2}},"3":{"start":{"line":5,"column":3},"end":{"line":6,"column":48}},"4":{"start":{"line":5,"column":29},"end":{"line":5,"column":78}},"5":{"start":{"line":6,"column":8},"end":{"line":6,"column":48}}},"branchMap":{"1":{"line":5,"type":"if","locations":[{"start":{"line":5,"column":3},"end":{"line":5,"column":3}},{"start":{"line":5,"column":3},"end":{"line":5,"column":3}}]}},"code":["var generateClass = require('./helpers/class-generator');","module.exports = generateClass(\"TimeoutError\", {","  args: ['time', 'inner_error'],","  generateMessage: function(){","  \tif(/^\\d/.test(this.time)) return \"Timeout of '\" + this.time + \"' exceeded\";","  \telse return \"Timeout exceeded: \" + this.time;","  }","})",""],"l":{"1":1,"2":1,"5":0,"6":0}},"/home/travis/build/npmtest/node-npmtest-common-errors/node_modules/common-errors/lib/validation.js":{"path":"/home/travis/build/npmtest/node-npmtest-common-errors/node_modules/common-errors/lib/validation.js","s":{"1":1,"2":1,"3":1,"4":1,"5":0,"6":0,"7":0,"8":1,"9":0,"10":0,"11":0,"12":0,"13":0,"14":1,"15":0,"16":1,"17":0,"18":0,"19":0,"20":0,"21":0,"22":0,"23":0,"24":0,"25":0,"26":0,"27":0,"28":0,"29":0},"b":{"1":[0,0],"2":[0,0],"3":[0,0],"4":[0,0],"5":[0,0],"6":[0,0],"7":[0,0],"8":[0,0],"9":[0,0]},"f":{"1":0,"2":0,"3":0,"4":0,"5":0},"fnMap":{"1":{"name":"addError","line":8,"loc":{"start":{"line":8,"column":37},"end":{"line":8,"column":62}}},"2":{"name":"addErrors","line":14,"loc":{"start":{"line":14,"column":38},"end":{"line":14,"column":65}}},"3":{"name":"generateMessage","line":22,"loc":{"start":{"line":22,"column":44},"end":{"line":22,"column":70}}},"4":{"name":"toJSON","line":26,"loc":{"start":{"line":26,"column":35},"end":{"line":26,"column":52}}},"5":{"name":"(anonymous_5)","line":30,"loc":{"start":{"line":30,"column":31},"end":{"line":30,"column":46}}}},"statementMap":{"1":{"start":{"line":1,"column":0},"end":{"line":1,"column":57}},"2":{"start":{"line":2,"column":0},"end":{"line":2,"column":42}},"3":{"start":{"line":4,"column":0},"end":{"line":6,"column":3}},"4":{"start":{"line":8,"column":0},"end":{"line":12,"column":1}},"5":{"start":{"line":9,"column":2},"end":{"line":9,"column":34}},"6":{"start":{"line":10,"column":2},"end":{"line":10,"column":26}},"7":{"start":{"line":11,"column":2},"end":{"line":11,"column":14}},"8":{"start":{"line":14,"column":0},"end":{"line":20,"column":1}},"9":{"start":{"line":15,"column":2},"end":{"line":15,"column":67}},"10":{"start":{"line":15,"column":33},"end":{"line":15,"column":67}},"11":{"start":{"line":17,"column":2},"end":{"line":17,"column":34}},"12":{"start":{"line":18,"column":2},"end":{"line":18,"column":50}},"13":{"start":{"line":19,"column":2},"end":{"line":19,"column":14}},"14":{"start":{"line":22,"column":0},"end":{"line":24,"column":1}},"15":{"start":{"line":23,"column":2},"end":{"line":23,"column":46}},"16":{"start":{"line":26,"column":0},"end":{"line":39,"column":1}},"17":{"start":{"line":27,"column":2},"end":{"line":27,"column":13}},"18":{"start":{"line":28,"column":2},"end":{"line":37,"column":3}},"19":{"start":{"line":29,"column":4},"end":{"line":29,"column":46}},"20":{"start":{"line":29,"column":21},"end":{"line":29,"column":46}},"21":{"start":{"line":30,"column":4},"end":{"line":32,"column":7}},"22":{"start":{"line":31,"column":6},"end":{"line":31,"column":28}},"23":{"start":{"line":34,"column":4},"end":{"line":34,"column":43}},"24":{"start":{"line":34,"column":21},"end":{"line":34,"column":43}},"25":{"start":{"line":35,"column":4},"end":{"line":35,"column":37}},"26":{"start":{"line":35,"column":18},"end":{"line":35,"column":37}},"27":{"start":{"line":36,"column":4},"end":{"line":36,"column":40}},"28":{"start":{"line":36,"column":19},"end":{"line":36,"column":40}},"29":{"start":{"line":38,"column":2},"end":{"line":38,"column":11}}},"branchMap":{"1":{"line":9,"type":"binary-expr","locations":[{"start":{"line":9,"column":16},"end":{"line":9,"column":27}},{"start":{"line":9,"column":31},"end":{"line":9,"column":33}}]},"2":{"line":15,"type":"if","locations":[{"start":{"line":15,"column":2},"end":{"line":15,"column":2}},{"start":{"line":15,"column":2},"end":{"line":15,"column":2}}]},"3":{"line":17,"type":"binary-expr","locations":[{"start":{"line":17,"column":16},"end":{"line":17,"column":27}},{"start":{"line":17,"column":31},"end":{"line":17,"column":33}}]},"4":{"line":23,"type":"binary-expr","locations":[{"start":{"line":23,"column":9},"end":{"line":23,"column":21}},{"start":{"line":23,"column":25},"end":{"line":23,"column":45}}]},"5":{"line":28,"type":"if","locations":[{"start":{"line":28,"column":2},"end":{"line":28,"column":2}},{"start":{"line":28,"column":2},"end":{"line":28,"column":2}}]},"6":{"line":29,"type":"if","locations":[{"start":{"line":29,"column":4},"end":{"line":29,"column":4}},{"start":{"line":29,"column":4},"end":{"line":29,"column":4}}]},"7":{"line":34,"type":"if","locations":[{"start":{"line":34,"column":4},"end":{"line":34,"column":4}},{"start":{"line":34,"column":4},"end":{"line":34,"column":4}}]},"8":{"line":35,"type":"if","locations":[{"start":{"line":35,"column":4},"end":{"line":35,"column":4}},{"start":{"line":35,"column":4},"end":{"line":35,"column":4}}]},"9":{"line":36,"type":"if","locations":[{"start":{"line":36,"column":4},"end":{"line":36,"column":4}},{"start":{"line":36,"column":4},"end":{"line":36,"column":4}}]}},"code":["var generateClass = require('./helpers/class-generator');","var ArgumentError = require('./argument');","","var ValidationError = module.exports = generateClass(\"ValidationError\", {","  args: ['message', 'code', 'field']","});","","ValidationError.prototype.addError = function addError(error) {","  this.errors = this.errors || [];","  this.errors.push(error);","  return this;","}","","ValidationError.prototype.addErrors = function addErrors(errors) {","  if(!(errors instanceof Array)) throw new ArgumentError(\"errors\");","  ","  this.errors = this.errors || [];","  Array.prototype.push.apply(this.errors, errors);","  return this;","}","","ValidationError.prototype.generateMessage = function generateMessage(){","  return this.message || \"Validation failed.\";","}","","ValidationError.prototype.toJSON = function toJSON(){","  var o = {};","  if(this.errors) {","    if(this.message) o.message = this.message;","    o.errors = this.errors.map(function(error){","      return error.toJSON();","    });","  } else {","    if(this.message) o.text = this.message;","    if(this.code) o.code = this.code;","    if(this.field) o.field = this.field;    ","  }","  return o;","}"],"l":{"1":1,"2":1,"4":1,"8":1,"9":0,"10":0,"11":0,"14":1,"15":0,"17":0,"18":0,"19":0,"22":1,"23":0,"26":1,"27":0,"28":0,"29":0,"30":0,"31":0,"34":0,"35":0,"36":0,"38":0}},"/home/travis/build/npmtest/node-npmtest-common-errors/node_modules/common-errors/lib/io/io.js":{"path":"/home/travis/build/npmtest/node-npmtest-common-errors/node_modules/common-errors/lib/io/io.js","s":{"1":1},"b":{},"f":{},"fnMap":{},"statementMap":{"1":{"start":{"line":1,"column":0},"end":{"line":1,"column":66}}},"branchMap":{},"code":["module.exports = require('../helpers/class-generator')('IOError');"],"l":{"1":1}},"/home/travis/build/npmtest/node-npmtest-common-errors/node_modules/common-errors/lib/io/file-load.js":{"path":"/home/travis/build/npmtest/node-npmtest-common-errors/node_modules/common-errors/lib/io/file-load.js","s":{"1":1,"2":1,"3":0},"b":{},"f":{"1":0},"fnMap":{"1":{"name":"(anonymous_1)","line":5,"loc":{"start":{"line":5,"column":19},"end":{"line":5,"column":29}}}},"statementMap":{"1":{"start":{"line":1,"column":0},"end":{"line":1,"column":58}},"2":{"start":{"line":2,"column":0},"end":{"line":8,"column":3}},"3":{"start":{"line":6,"column":4},"end":{"line":6,"column":52}}},"branchMap":{},"code":["var generateClass = require('../helpers/class-generator');","module.exports = generateClass(\"FileLoadError\", {","  args: ['file_name', 'inner_error'],","  extends: require('./io'),","  generateMessage: function(){","    return \"Unable to load file: \" + this.file_name;","  }","});",""],"l":{"1":1,"2":1,"6":0}},"/home/travis/build/npmtest/node-npmtest-common-errors/node_modules/common-errors/lib/io/file-not-found.js":{"path":"/home/travis/build/npmtest/node-npmtest-common-errors/node_modules/common-errors/lib/io/file-not-found.js","s":{"1":1,"2":1,"3":0},"b":{},"f":{"1":0},"fnMap":{"1":{"name":"(anonymous_1)","line":5,"loc":{"start":{"line":5,"column":19},"end":{"line":5,"column":29}}}},"statementMap":{"1":{"start":{"line":1,"column":0},"end":{"line":1,"column":58}},"2":{"start":{"line":2,"column":0},"end":{"line":8,"column":3}},"3":{"start":{"line":6,"column":4},"end":{"line":6,"column":47}}},"branchMap":{},"code":["var generateClass = require('../helpers/class-generator');","module.exports = generateClass(\"FileNotFoundError\", {","  args: ['file_name', 'inner_error'],","  extends: require('./io'),","  generateMessage: function(){","    return \"File not found: \" + this.file_name;","  }","});",""],"l":{"1":1,"2":1,"6":0}},"/home/travis/build/npmtest/node-npmtest-common-errors/node_modules/common-errors/lib/data/data.js":{"path":"/home/travis/build/npmtest/node-npmtest-common-errors/node_modules/common-errors/lib/data/data.js","s":{"1":1},"b":{},"f":{},"fnMap":{},"statementMap":{"1":{"start":{"line":1,"column":0},"end":{"line":1,"column":68}}},"branchMap":{},"code":["module.exports = require('../helpers/class-generator')('DataError');"],"l":{"1":1}}}